#
# A fatal error has been detected by the Java Runtime Environment:
#
#  SIGSEGV (0xb) at pc=0x00007f30611eb45b, pid=6012, tid=139845558642432
#
# JRE version: Java(TM) SE Runtime Environment (7.0_75-b13) (build 1.7.0_75-b13)
# Java VM: Java HotSpot(TM) 64-Bit Server VM (24.75-b04 mixed mode linux-amd64 compressed oops)
# Problematic frame:
# V  [libjvm.so+0x3c245b]  RegionNode::is_unreachable_region(PhaseGVN*) const+0x23b
#
# Failed to write core dump. Core dumps have been disabled. To enable core dumping, try "ulimit -c unlimited" before starting Java again
#
# If you would like to submit a bug report, please visit:
#   http://bugreport.sun.com/bugreport/crash.jsp
#

---------------  T H R E A D  ---------------

Current thread (0x00007f305c092800):  JavaThread "C2 CompilerThread0" daemon [_thread_in_native, id=6025, stack(0x00007f3054c8a000,0x00007f3054d8b000)]

siginfo:si_signo=SIGSEGV: si_errno=0, si_code=1 (SEGV_MAPERR), si_addr=0x0000000000000010

Registers:
RAX=0x0000000000000000, RBX=0x00007f30241a8840, RCX=0x0000000000060730, RDX=0x00007f3028310270
RSP=0x00007f3054d85f70, RBP=0x00007f3054d86020, RSI=0x0000000001000000, RDI=0x00007f30241a0988
R8 =0x0000000000000000, R9 =0x00007f3024042970, R10=0x00007f3024700278, R11=0x00007f3024700638
R12=0x00007f30241a0988, R13=0x0000000000000000, R14=0x00007f30280326f0, R15=0x0000000000000067
RIP=0x00007f30611eb45b, EFLAGS=0x0000000000010206, CSGSFS=0x0000000000000033, ERR=0x0000000000000004
  TRAPNO=0x000000000000000e

Top of Stack: (sp=0x00007f3054d85f70)
0x00007f3054d85f70:   00007f3054d85fd0 0000000000000020
0x00007f3054d85f80:   00007f3054d85fb0 00007f302830f210
0x00007f3054d85f90:   00007f302830f240 00007f30283171f8
0x00007f3054d85fa0:   00007f305c0930f0 000000000005bd90
0x00007f3054d85fb0:   00007f3061c2dc70 00007f305c0930f0
0x00007f3054d85fc0:   0000000000000400 00007f302830f270
0x00007f3054d85fd0:   00007f305c0930f0 0000000000000080
0x00007f3054d85fe0:   00007f3028310270 00007f3000000067
0x00007f3054d85ff0:   00007f30285ac5c8 0000000000000007
0x00007f3054d86000:   0000000000000002 00007f30285ac700
0x00007f3054d86010:   0000000000000001 00007f30280326f0
0x00007f3054d86020:   00007f3054d86170 00007f30611eedfc
0x00007f3054d86030:   00007f3054d86c70 00007f302802fc88
0x00007f3054d86040:   00007f3054d86050 01007f306178e87d
0x00007f3054d86050:   00007f3054d86c70 01007f3061619776
0x00007f3054d86060:   0000000200000001 00007f3054d86c70
0x00007f3054d86070:   00007f302440efa0 00007f3054d86c70
0x00007f3054d86080:   00007f302440ef08 00007f3054d86c70
0x00007f3054d86090:   00007f3054d86100 0000000000000000
0x00007f3054d860a0:   00007f3061c46b40 00007f302802fc88
0x00007f3054d860b0:   00007f3054d860e0 00007f3054d87638
0x00007f3054d860c0:   00007f3054d86100 00007f3054d875e0
0x00007f3054d860d0:   00007f3054d87658 00007f3054d88e10
0x00007f3054d860e0:   00007f302440efa0 00007f3054d875e0
0x00007f3054d860f0:   0000000000000010 000000032440ef08
0x00007f3054d86100:   00007f3000000003 00007f30616900a5
0x00007f3054d86110:   00007f302440ef08 00007f3061618c11
0x00007f3054d86120:   00007f3054d86170 00007f306168caa4
0x00007f3054d86130:   00007f3054d86c70 00007f302836ac00
0x00007f3054d86140:   000000082440ef80 00007f3054d86c70
0x00007f3054d86150:   00007f30280326f0 00007f3054d86c70
0x00007f3054d86160:   00007f30280326f0 00007f30280326f0 

Instructions: (pc=0x00007f30611eb45b)
0x00007f30611eb43b:   c5 08 00 00 00 48 89 85 58 ff ff ff 48 8b 43 10
0x00007f30611eb44b:   4e 8b 24 28 4d 85 e4 74 51 49 8b 04 24 4c 89 e7
0x00007f30611eb45b:   ff 50 10 84 c0 74 43 4d 39 e6 0f 1f 00 0f 84 37
0x00007f30611eb46b:   01 00 00 41 8b 4c 24 28 89 c8 c1 e8 05 3b 45 a0 

Register to memory mapping:

RAX=0x0000000000000000 is an unknown value
RBX=0x00007f30241a8840 is an unknown value
RCX=0x0000000000060730 is an unknown value
RDX=0x00007f3028310270 is an unknown value
RSP=0x00007f3054d85f70 is pointing into the stack for thread: 0x00007f305c092800
RBP=0x00007f3054d86020 is pointing into the stack for thread: 0x00007f305c092800
RSI=0x0000000001000000 is an unknown value
RDI=0x00007f30241a0988 is an unknown value
R8 =0x0000000000000000 is an unknown value
R9 =0x00007f3024042970 is an unknown value
R10=0x00007f3024700278 is an unknown value
R11=0x00007f3024700638 is an unknown value
R12=0x00007f30241a0988 is an unknown value
R13=0x0000000000000000 is an unknown value
R14=0x00007f30280326f0 is an unknown value
R15=0x0000000000000067 is an unknown value


Stack: [0x00007f3054c8a000,0x00007f3054d8b000],  sp=0x00007f3054d85f70,  free space=1007k
Native frames: (J=compiled Java code, j=interpreted, Vv=VM code, C=native code)
V  [libjvm.so+0x3c245b]  RegionNode::is_unreachable_region(PhaseGVN*) const+0x23b
V  [libjvm.so+0x3c5dfc]  RegionNode::Ideal(PhaseGVN*, bool)+0x4bc
V  [libjvm.so+0x867cbc]  PhaseIterGVN::transform_old(Node*)+0x7c
V  [libjvm.so+0x86737c]  PhaseIterGVN::optimize()+0x1bc
V  [libjvm.so+0x444c19]  Compile::Optimize()+0x159
V  [libjvm.so+0x446919]  Compile::Compile(ciEnv*, C2Compiler*, ciMethod*, int, bool, bool)+0x12f9
V  [libjvm.so+0x3b1576]  C2Compiler::compile_method(ciEnv*, ciMethod*, int)+0x176
V  [libjvm.so+0x44e33e]  CompileBroker::invoke_compiler_on_method(CompileTask*)+0x33e
V  [libjvm.so+0x44f11d]  CompileBroker::compiler_thread_loop()+0x43d
V  [libjvm.so+0x95a71f]  JavaThread::thread_main_inner()+0xdf
V  [libjvm.so+0x95a825]  JavaThread::run()+0xf5
V  [libjvm.so+0x820b88]  java_start(Thread*)+0x108


Current CompileTask:
C2:   9695  394             com.android.dx.rop.code.Rops::ropFor (771 bytes)


---------------  P R O C E S S  ---------------

Java Threads: ( => current thread )
  0x00007f305c098000 JavaThread "Service Thread" daemon [_thread_blocked, id=6027, stack(0x00007f3054a88000,0x00007f3054b89000)]
  0x00007f305c095800 JavaThread "C2 CompilerThread1" daemon [_thread_in_native, id=6026, stack(0x00007f3054b89000,0x00007f3054c8a000)]
=>0x00007f305c092800 JavaThread "C2 CompilerThread0" daemon [_thread_in_native, id=6025, stack(0x00007f3054c8a000,0x00007f3054d8b000)]
  0x00007f305c090800 JavaThread "Signal Dispatcher" daemon [_thread_blocked, id=6024, stack(0x00007f3054d8b000,0x00007f3054e8c000)]
  0x00007f305c06f800 JavaThread "Finalizer" daemon [_thread_blocked, id=6023, stack(0x00007f3054e8c000,0x00007f3054f8d000)]
  0x00007f305c06d800 JavaThread "Reference Handler" daemon [_thread_blocked, id=6022, stack(0x00007f3054f8d000,0x00007f305508e000)]
  0x00007f305c009000 JavaThread "main" [_thread_in_vm, id=6014, stack(0x00007f306279a000,0x00007f306289b000)]

Other Threads:
  0x00007f305c069000 VMThread [stack: 0x00007f305508e000,0x00007f305518f000] [id=6021]
  0x00007f305c0a2800 WatcherThread [stack: 0x00007f3054987000,0x00007f3054a88000] [id=6028]

VM state:not at safepoint (normal execution)

VM Mutex/Monitor currently owned by a thread: None

Heap
 PSYoungGen      total 66048K, used 5076K [0x00000000eaa80000, 0x00000000eed80000, 0x0000000100000000)
  eden space 63488K, 3% used [0x00000000eaa80000,0x00000000eacf90d0,0x00000000ee880000)
  from space 2560K, 99% used [0x00000000eeb00000,0x00000000eed7c010,0x00000000eed80000)
  to   space 2560K, 0% used [0x00000000ee880000,0x00000000ee880000,0x00000000eeb00000)
 ParOldGen       total 41472K, used 12787K [0x00000000c0000000, 0x00000000c2880000, 0x00000000eaa80000)
  object space 41472K, 30% used [0x00000000c0000000,0x00000000c0c7cf78,0x00000000c2880000)
 PSPermGen       total 21504K, used 5581K [0x00000000bae00000, 0x00000000bc300000, 0x00000000c0000000)
  object space 21504K, 25% used [0x00000000bae00000,0x00000000bb373660,0x00000000bc300000)

Card table byte_map: [0x00007f3058dd6000,0x00007f3059000000] byte_map_base: 0x00007f30587ff000

Polling page: 0x00007f30628b6000

Code Cache  [0x00007f3059000000, 0x00007f3059270000, 0x00007f305c000000)
 total_blobs=615 nmethods=389 adapters=180 free_code_cache=47512Kb largest_free_block=48610880

Compilation events (10 events):
Event: 9.578 Thread 0x00007f305c095800 nmethod 389 0x00007f3059180e90 code [0x00007f30591810a0, 0x00007f3059181bd0]
Event: 9.578 Thread 0x00007f305c095800  390             com.android.dx.ssa.back.InterferenceGraph::<init> (42 bytes)
Event: 9.598 Thread 0x00007f305c095800 nmethod 390 0x00007f30590c7fd0 code [0x00007f30590c8160, 0x00007f30590c86d8]
Event: 9.598 Thread 0x00007f305c095800  391             com.android.dx.ssa.back.FirstFitLocalCombiningAllocator::handleUnassociatedParameters (60 bytes)
Event: 9.600 Thread 0x00007f305c092800 nmethod 387 0x00007f30591a0490 code [0x00007f30591a07c0, 0x00007f30591a1b60]
Event: 9.600 Thread 0x00007f305c092800  392             com.android.dx.rop.cst.Constant::<init> (5 bytes)
Event: 9.600 Thread 0x00007f305c092800 nmethod 392 0x00007f3059180c10 code [0x00007f3059180d40, 0x00007f3059180d98]
Event: 9.600 Thread 0x00007f305c092800  393             com.android.dx.ssa.SCCP::<init> (142 bytes)
Event: 9.612 Thread 0x00007f305c092800 nmethod 393 0x00007f3059189890 code [0x00007f3059189a40, 0x00007f305918a298]
Event: 9.612 Thread 0x00007f305c092800  394             com.android.dx.rop.code.Rops::ropFor (771 bytes)

GC Heap History (8 events):
Event: 2.900 GC heap before
{Heap before GC invocations=1 (full 0):
 PSYoungGen      total 18432K, used 15872K [0x00000000eaa80000, 0x00000000ebf00000, 0x0000000100000000)
  eden space 15872K, 100% used [0x00000000eaa80000,0x00000000eba00000,0x00000000eba00000)
  from space 2560K, 0% used [0x00000000ebc80000,0x00000000ebc80000,0x00000000ebf00000)
  to   space 2560K, 0% used [0x00000000eba00000,0x00000000eba00000,0x00000000ebc80000)
 ParOldGen       total 41472K, used 0K [0x00000000c0000000, 0x00000000c2880000, 0x00000000eaa80000)
  object space 41472K, 0% used [0x00000000c0000000,0x00000000c0000000,0x00000000c2880000)
 PSPermGen       total 21504K, used 5296K [0x00000000bae00000, 0x00000000bc300000, 0x00000000c0000000)
  object space 21504K, 24% used [0x00000000bae00000,0x00000000bb32c328,0x00000000bc300000)
Event: 2.931 GC heap after
Heap after GC invocations=1 (full 0):
 PSYoungGen      total 18432K, used 2535K [0x00000000eaa80000, 0x00000000ece80000, 0x0000000100000000)
  eden space 15872K, 0% used [0x00000000eaa80000,0x00000000eaa80000,0x00000000eba00000)
  from space 2560K, 99% used [0x00000000eba00000,0x00000000ebc79c68,0x00000000ebc80000)
  to   space 2560K, 0% used [0x00000000ecc00000,0x00000000ecc00000,0x00000000ece80000)
 ParOldGen       total 41472K, used 1641K [0x00000000c0000000, 0x00000000c2880000, 0x00000000eaa80000)
  object space 41472K, 3% used [0x00000000c0000000,0x00000000c019a438,0x00000000c2880000)
 PSPermGen       total 21504K, used 5296K [0x00000000bae00000, 0x00000000bc300000, 0x00000000c0000000)
  object space 21504K, 24% used [0x00000000bae00000,0x00000000bb32c328,0x00000000bc300000)
}
Event: 4.640 GC heap before
{Heap before GC invocations=2 (full 0):
 PSYoungGen      total 18432K, used 18407K [0x00000000eaa80000, 0x00000000ece80000, 0x0000000100000000)
  eden space 15872K, 100% used [0x00000000eaa80000,0x00000000eba00000,0x00000000eba00000)
  from space 2560K, 99% used [0x00000000eba00000,0x00000000ebc79c68,0x00000000ebc80000)
  to   space 2560K, 0% used [0x00000000ecc00000,0x00000000ecc00000,0x00000000ece80000)
 ParOldGen       total 41472K, used 1641K [0x00000000c0000000, 0x00000000c2880000, 0x00000000eaa80000)
  object space 41472K, 3% used [0x00000000c0000000,0x00000000c019a438,0x00000000c2880000)
 PSPermGen       total 21504K, used 5453K [0x00000000bae00000, 0x00000000bc300000, 0x00000000c0000000)
  object space 21504K, 25% used [0x00000000bae00000,0x00000000bb353568,0x00000000bc300000)
Event: 4.678 GC heap after
Heap after GC invocations=2 (full 0):
 PSYoungGen      total 34304K, used 2551K [0x00000000eaa80000, 0x00000000ece80000, 0x0000000100000000)
  eden space 31744K, 0% used [0x00000000eaa80000,0x00000000eaa80000,0x00000000ec980000)
  from space 2560K, 99% used [0x00000000ecc00000,0x00000000ece7dc88,0x00000000ece80000)
  to   space 2560K, 0% used [0x00000000ec980000,0x00000000ec980000,0x00000000ecc00000)
 ParOldGen       total 41472K, used 3897K [0x00000000c0000000, 0x00000000c2880000, 0x00000000eaa80000)
  object space 41472K, 9% used [0x00000000c0000000,0x00000000c03ce5d0,0x00000000c2880000)
 PSPermGen       total 21504K, used 5453K [0x00000000bae00000, 0x00000000bc300000, 0x00000000c0000000)
  object space 21504K, 25% used [0x00000000bae00000,0x00000000bb353568,0x00000000bc300000)
}
Event: 7.682 GC heap before
{Heap before GC invocations=3 (full 0):
 PSYoungGen      total 34304K, used 34295K [0x00000000eaa80000, 0x00000000ece80000, 0x0000000100000000)
  eden space 31744K, 100% used [0x00000000eaa80000,0x00000000ec980000,0x00000000ec980000)
  from space 2560K, 99% used [0x00000000ecc00000,0x00000000ece7dc88,0x00000000ece80000)
  to   space 2560K, 0% used [0x00000000ec980000,0x00000000ec980000,0x00000000ecc00000)
 ParOldGen       total 41472K, used 3897K [0x00000000c0000000, 0x00000000c2880000, 0x00000000eaa80000)
  object space 41472K, 9% used [0x00000000c0000000,0x00000000c03ce5d0,0x00000000c2880000)
 PSPermGen       total 21504K, used 5513K [0x00000000bae00000, 0x00000000bc300000, 0x00000000c0000000)
  object space 21504K, 25% used [0x00000000bae00000,0x00000000bb362610,0x00000000bc300000)
Event: 7.744 GC heap after
Heap after GC invocations=3 (full 0):
 PSYoungGen      total 34304K, used 2528K [0x00000000eaa80000, 0x00000000eed80000, 0x0000000100000000)
  eden space 31744K, 0% used [0x00000000eaa80000,0x00000000eaa80000,0x00000000ec980000)
  from space 2560K, 98% used [0x00000000ec980000,0x00000000ecbf8028,0x00000000ecc00000)
  to   space 2560K, 0% used [0x00000000eeb00000,0x00000000eeb00000,0x00000000eed80000)
 ParOldGen       total 41472K, used 8918K [0x00000000c0000000, 0x00000000c2880000, 0x00000000eaa80000)
  object space 41472K, 21% used [0x00000000c0000000,0x00000000c08b5bb0,0x00000000c2880000)
 PSPermGen       total 21504K, used 5513K [0x00000000bae00000, 0x00000000bc300000, 0x00000000c0000000)
  object space 21504K, 25% used [0x00000000bae00000,0x00000000bb362610,0x00000000bc300000)
}
Event: 9.377 GC heap before
{Heap before GC invocations=4 (full 0):
 PSYoungGen      total 34304K, used 34272K [0x00000000eaa80000, 0x00000000eed80000, 0x0000000100000000)
  eden space 31744K, 100% used [0x00000000eaa80000,0x00000000ec980000,0x00000000ec980000)
  from space 2560K, 98% used [0x00000000ec980000,0x00000000ecbf8028,0x00000000ecc00000)
  to   space 2560K, 0% used [0x00000000eeb00000,0x00000000eeb00000,0x00000000eed80000)
 ParOldGen       total 41472K, used 8918K [0x00000000c0000000, 0x00000000c2880000, 0x00000000eaa80000)
  object space 41472K, 21% used [0x00000000c0000000,0x00000000c08b5bb0,0x00000000c2880000)
 PSPermGen       total 21504K, used 5528K [0x00000000bae00000, 0x00000000bc300000, 0x00000000c0000000)
  object space 21504K, 25% used [0x00000000bae00000,0x00000000bb366028,0x00000000bc300000)
Event: 9.431 GC heap after
Heap after GC invocations=4 (full 0):
 PSYoungGen      total 66048K, used 2544K [0x00000000eaa80000, 0x00000000eed80000, 0x0000000100000000)
  eden space 63488K, 0% used [0x00000000eaa80000,0x00000000eaa80000,0x00000000ee880000)
  from space 2560K, 99% used [0x00000000eeb00000,0x00000000eed7c010,0x00000000eed80000)
  to   space 2560K, 0% used [0x00000000ee880000,0x00000000ee880000,0x00000000eeb00000)
 ParOldGen       total 41472K, used 12787K [0x00000000c0000000, 0x00000000c2880000, 0x00000000eaa80000)
  object space 41472K, 30% used [0x00000000c0000000,0x00000000c0c7cf78,0x00000000c2880000)
 PSPermGen       total 21504K, used 5528K [0x00000000bae00000, 0x00000000bc300000, 0x00000000c0000000)
  object space 21504K, 25% used [0x00000000bae00000,0x00000000bb366028,0x00000000bc300000)
}

Deoptimization events (10 events):
Event: 2.240 Thread 0x00007f305c009000 Uncommon trap: reason=class_check action=maybe_recompile pc=0x00007f3059071b60 method=com.android.dx.ssa.NormalSsaInsn.accept(Lcom/android/dx/ssa/SsaInsn$Visitor;)V @ 9
Event: 2.279 Thread 0x00007f305c009000 Uncommon trap: reason=class_check action=maybe_recompile pc=0x00007f3059071b60 method=com.android.dx.ssa.NormalSsaInsn.accept(Lcom/android/dx/ssa/SsaInsn$Visitor;)V @ 9
Event: 2.325 Thread 0x00007f305c009000 Uncommon trap: reason=null_check action=make_not_entrant pc=0x00007f305907bef4 method=com.android.dx.rop.code.LocalItem.equals(Ljava/lang/Object;)Z @ 1
Event: 4.620 Thread 0x00007f305c009000 Uncommon trap: reason=null_check action=make_not_entrant pc=0x00007f30590c6d68 method=com.android.dx.rop.code.RegisterSpec.equals(Ljava/lang/Object;)Z @ 1
Event: 7.853 Thread 0x00007f305c009000 Uncommon trap: reason=null_check action=make_not_entrant pc=0x00007f3059124dc0 method=com.android.dx.rop.type.Type.putIntern(Lcom/android/dx/rop/type/Type;)Lcom/android/dx/rop/type/Type; @ 18
Event: 8.326 Thread 0x00007f305c009000 Uncommon trap: reason=null_check action=make_not_entrant pc=0x00007f305911091c method=com.android.dx.cf.code.Ropper$CatchInfo.getSetup(Lcom/android/dx/rop/type/Type;)Lcom/android/dx/cf/code/Ropper$ExceptionHandlerSetup; @ 10
Event: 8.692 Thread 0x00007f305c009000 Uncommon trap: reason=class_check action=maybe_recompile pc=0x00007f30590db5e8 method=java.util.HashMap.put(Ljava/lang/Object;Ljava/lang/Object;)Ljava/lang/Object; @ 83
Event: 8.693 Thread 0x00007f305c009000 Uncommon trap: reason=class_check action=maybe_recompile pc=0x00007f30590db5e8 method=java.util.HashMap.put(Ljava/lang/Object;Ljava/lang/Object;)Ljava/lang/Object; @ 83
Event: 9.539 Thread 0x00007f305c009000 Uncommon trap: reason=class_check action=maybe_recompile pc=0x00007f30590db5e8 method=java.util.HashMap.put(Ljava/lang/Object;Ljava/lang/Object;)Ljava/lang/Object; @ 83
Event: 9.540 Thread 0x00007f305c009000 Uncommon trap: reason=class_check action=maybe_recompile pc=0x00007f30590db5e8 method=java.util.HashMap.put(Ljava/lang/Object;Ljava/lang/Object;)Ljava/lang/Object; @ 83

Internal exceptions (10 events):
Event: 2.292 Thread 0x00007f305c009000 Threw 0x00000000eb613ad8 at /HUDSON/workspace/7u-2-build-linux-amd64/jdk7u75/1940/hotspot/src/share/vm/prims/jvm.cpp:1281
Event: 2.293 Thread 0x00007f305c009000 Threw 0x00000000eb61d8a0 at /HUDSON/workspace/7u-2-build-linux-amd64/jdk7u75/1940/hotspot/src/share/vm/prims/jvm.cpp:1281
Event: 2.294 Thread 0x00007f305c009000 Threw 0x00000000eb61fb50 at /HUDSON/workspace/7u-2-build-linux-amd64/jdk7u75/1940/hotspot/src/share/vm/prims/jvm.cpp:1281
Event: 2.325 Thread 0x00007f305c009000 Implicit null exception at 0x00007f305907bc11 to 0x00007f305907bed9
Event: 2.366 Thread 0x00007f305c009000 Threw 0x00000000eb65b6a8 at /HUDSON/workspace/7u-2-build-linux-amd64/jdk7u75/1940/hotspot/src/share/vm/prims/jvm.cpp:1281
Event: 3.245 Thread 0x00007f305c009000 Threw 0x00000000ead49db8 at /HUDSON/workspace/7u-2-build-linux-amd64/jdk7u75/1940/hotspot/src/share/vm/prims/jvm.cpp:1281
Event: 4.620 Thread 0x00007f305c009000 Implicit null exception at 0x00007f30590c5f55 to 0x00007f30590c6d3d
Event: 7.853 Thread 0x00007f305c009000 Implicit null exception at 0x00007f3059124683 to 0x00007f3059124db1
Event: 8.326 Thread 0x00007f305c009000 Implicit null exception at 0x00007f305910e5c5 to 0x00007f3059110911
Event: 9.568 Thread 0x00007f305c009000 Threw 0x00000000eac04418 at /HUDSON/workspace/7u-2-build-linux-amd64/jdk7u75/1940/hotspot/src/share/vm/prims/jvm.cpp:1281

Events (10 events):
Event: 9.539 Thread 0x00007f305c009000 DEOPT UNPACKING pc=0x00007f3059039045 sp=0x00007f3062899478 mode 2
Event: 9.540 Thread 0x00007f305c009000 Uncommon trap: trap_request=0xffffffde fr.pc=0x00007f30590db5e8
Event: 9.540 Thread 0x00007f305c009000 DEOPT PACKING pc=0x00007f30590db5e8 sp=0x00007f30628994b0
Event: 9.540 Thread 0x00007f305c009000 DEOPT UNPACKING pc=0x00007f3059039045 sp=0x00007f3062899478 mode 2
Event: 9.557 loading class 0x00007f306003faf0
Event: 9.557 loading class 0x00007f306003faf0 done
Event: 9.557 loading class 0x00007f306003fac0
Event: 9.557 loading class 0x00007f306003fac0 done
Event: 9.568 loading class 0x00007f305c188a80
Event: 9.568 loading class 0x00007f305c188a80 done


Dynamic libraries:
00400000-00401000 r-xp 00000000 08:05 8923390                            /home/justbe/Programs/java/jdk1.7.0_75/bin/java
00600000-00601000 rw-p 00000000 08:05 8923390                            /home/justbe/Programs/java/jdk1.7.0_75/bin/java
0219c000-021bd000 rw-p 00000000 00:00 0                                  [heap]
bae00000-bc300000 rw-p 00000000 00:00 0 
bc300000-c0000000 rw-p 00000000 00:00 0 
c0000000-c2880000 rw-p 00000000 00:00 0 
c2880000-eaa80000 rw-p 00000000 00:00 0 
eaa80000-eed80000 rw-p 00000000 00:00 0 
eed80000-100000000 rw-p 00000000 00:00 0 
7f301c000000-7f301c021000 rw-p 00000000 00:00 0 
7f301c021000-7f3020000000 ---p 00000000 00:00 0 
7f3020000000-7f3020021000 rw-p 00000000 00:00 0 
7f3020021000-7f3024000000 ---p 00000000 00:00 0 
7f3024000000-7f3024b74000 rw-p 00000000 00:00 0 
7f3024b74000-7f3028000000 ---p 00000000 00:00 0 
7f3028000000-7f3028c7e000 rw-p 00000000 00:00 0 
7f3028c7e000-7f302c000000 ---p 00000000 00:00 0 
7f302c000000-7f302c021000 rw-p 00000000 00:00 0 
7f302c021000-7f3030000000 ---p 00000000 00:00 0 
7f3031946000-7f3038000000 r--p 00000000 08:04 4335213                    /usr/lib/locale/locale-archive
7f3038000000-7f3038021000 rw-p 00000000 00:00 0 
7f3038021000-7f303c000000 ---p 00000000 00:00 0 
7f303c000000-7f303c021000 rw-p 00000000 00:00 0 
7f303c021000-7f3040000000 ---p 00000000 00:00 0 
7f3040000000-7f3040021000 rw-p 00000000 00:00 0 
7f3040021000-7f3044000000 ---p 00000000 00:00 0 
7f3044000000-7f3044021000 rw-p 00000000 00:00 0 
7f3044021000-7f3048000000 ---p 00000000 00:00 0 
7f3048000000-7f3048021000 rw-p 00000000 00:00 0 
7f3048021000-7f304c000000 ---p 00000000 00:00 0 
7f304c000000-7f304c021000 rw-p 00000000 00:00 0 
7f304c021000-7f3050000000 ---p 00000000 00:00 0 
7f3050000000-7f3050021000 rw-p 00000000 00:00 0 
7f3050021000-7f3054000000 ---p 00000000 00:00 0 
7f30543c1000-7f305455f000 rw-p 00000000 00:00 0 
7f305455f000-7f3054575000 r-xp 00000000 08:05 7474867                    /home/justbe/Programs/java/jdk1.7.0_75/jre/lib/amd64/libnet.so
7f3054575000-7f3054775000 ---p 00016000 08:05 7474867                    /home/justbe/Programs/java/jdk1.7.0_75/jre/lib/amd64/libnet.so
7f3054775000-7f3054776000 rw-p 00016000 08:05 7474867                    /home/justbe/Programs/java/jdk1.7.0_75/jre/lib/amd64/libnet.so
7f3054776000-7f3054786000 r-xp 00000000 08:05 7474833                    /home/justbe/Programs/java/jdk1.7.0_75/jre/lib/amd64/libnio.so
7f3054786000-7f3054986000 ---p 00010000 08:05 7474833                    /home/justbe/Programs/java/jdk1.7.0_75/jre/lib/amd64/libnio.so
7f3054986000-7f3054987000 rw-p 00010000 08:05 7474833                    /home/justbe/Programs/java/jdk1.7.0_75/jre/lib/amd64/libnio.so
7f3054987000-7f3054988000 ---p 00000000 00:00 0 
7f3054988000-7f3054a88000 rw-p 00000000 00:00 0                          [stack:6028]
7f3054a88000-7f3054a8b000 ---p 00000000 00:00 0 
7f3054a8b000-7f3054b89000 rw-p 00000000 00:00 0                          [stack:6027]
7f3054b89000-7f3054b8c000 ---p 00000000 00:00 0 
7f3054b8c000-7f3054c8a000 rw-p 00000000 00:00 0                          [stack:6026]
7f3054c8a000-7f3054c8d000 ---p 00000000 00:00 0 
7f3054c8d000-7f3054d8b000 rw-p 00000000 00:00 0                          [stack:6025]
7f3054d8b000-7f3054d8e000 ---p 00000000 00:00 0 
7f3054d8e000-7f3054e8c000 rw-p 00000000 00:00 0                          [stack:6024]
7f3054e8c000-7f3054e8f000 ---p 00000000 00:00 0 
7f3054e8f000-7f3054f8d000 rw-p 00000000 00:00 0                          [stack:6023]
7f3054f8d000-7f3054f90000 ---p 00000000 00:00 0 
7f3054f90000-7f305508e000 rw-p 00000000 00:00 0                          [stack:6022]
7f305508e000-7f305508f000 ---p 00000000 00:00 0 
7f305508f000-7f305618e000 rw-p 00000000 00:00 0                          [stack:6021]
7f305618e000-7f305634d000 r--s 039eb000 08:05 7346586                    /home/justbe/Programs/java/jdk1.7.0_75/jre/lib/rt.jar
7f305634d000-7f305887c000 rw-p 00000000 00:00 0 
7f305887c000-7f305887d000 ---p 00000000 00:00 0 
7f305887d000-7f305897d000 rw-p 00000000 00:00 0                          [stack:6020]
7f305897d000-7f305897e000 ---p 00000000 00:00 0 
7f305897e000-7f3058a7e000 rw-p 00000000 00:00 0                          [stack:6019]
7f3058a7e000-7f3058a7f000 ---p 00000000 00:00 0 
7f3058a7f000-7f3058b7f000 rw-p 00000000 00:00 0                          [stack:6018]
7f3058b7f000-7f3058b80000 ---p 00000000 00:00 0 
7f3058b80000-7f3058c95000 rw-p 00000000 00:00 0                          [stack:6017]
7f3058c95000-7f3058dd6000 rw-p 00000000 00:00 0 
7f3058dd6000-7f3058de1000 rw-p 00000000 00:00 0 
7f3058de1000-7f3058dff000 rw-p 00000000 00:00 0 
7f3058dff000-7f3058e14000 rw-p 00000000 00:00 0 
7f3058e14000-7f3058f54000 rw-p 00000000 00:00 0 
7f3058f54000-7f3058f76000 rw-p 00000000 00:00 0 
7f3058f76000-7f3058fff000 rw-p 00000000 00:00 0 
7f3058fff000-7f3059000000 rw-p 00000000 00:00 0 
7f3059000000-7f3059270000 rwxp 00000000 00:00 0 
7f3059270000-7f305c1aa000 rw-p 00000000 00:00 0 
7f305c1aa000-7f3060000000 ---p 00000000 00:00 0 
7f306000c000-7f306009a000 rw-p 00000000 00:00 0 
7f306009a000-7f30600b8000 rw-p 00000000 00:00 0 
7f30600b8000-7f30600d2000 r-xp 00000000 08:05 7474862                    /home/justbe/Programs/java/jdk1.7.0_75/jre/lib/amd64/libzip.so
7f30600d2000-7f30602d2000 ---p 0001a000 08:05 7474862                    /home/justbe/Programs/java/jdk1.7.0_75/jre/lib/amd64/libzip.so
7f30602d2000-7f30602d3000 rw-p 0001a000 08:05 7474862                    /home/justbe/Programs/java/jdk1.7.0_75/jre/lib/amd64/libzip.so
7f30602d3000-7f30602df000 r-xp 00000000 08:04 4332746                    /usr/lib64/libnss_files-2.21.so
7f30602df000-7f30604de000 ---p 0000c000 08:04 4332746                    /usr/lib64/libnss_files-2.21.so
7f30604de000-7f30604df000 r--p 0000b000 08:04 4332746                    /usr/lib64/libnss_files-2.21.so
7f30604df000-7f30604e0000 rw-p 0000c000 08:04 4332746                    /usr/lib64/libnss_files-2.21.so
7f30604e0000-7f3060509000 r-xp 00000000 08:05 7474828                    /home/justbe/Programs/java/jdk1.7.0_75/jre/lib/amd64/libjava.so
7f3060509000-7f3060709000 ---p 00029000 08:05 7474828                    /home/justbe/Programs/java/jdk1.7.0_75/jre/lib/amd64/libjava.so
7f3060709000-7f306070b000 rw-p 00029000 08:05 7474828                    /home/justbe/Programs/java/jdk1.7.0_75/jre/lib/amd64/libjava.so
7f306070b000-7f3060718000 r-xp 00000000 08:05 7474855                    /home/justbe/Programs/java/jdk1.7.0_75/jre/lib/amd64/libverify.so
7f3060718000-7f3060917000 ---p 0000d000 08:05 7474855                    /home/justbe/Programs/java/jdk1.7.0_75/jre/lib/amd64/libverify.so
7f3060917000-7f3060919000 rw-p 0000c000 08:05 7474855                    /home/justbe/Programs/java/jdk1.7.0_75/jre/lib/amd64/libverify.so
7f3060919000-7f3060920000 r-xp 00000000 08:04 4332854                    /usr/lib64/librt-2.21.so
7f3060920000-7f3060b1f000 ---p 00007000 08:04 4332854                    /usr/lib64/librt-2.21.so
7f3060b1f000-7f3060b20000 r--p 00006000 08:04 4332854                    /usr/lib64/librt-2.21.so
7f3060b20000-7f3060b21000 rw-p 00007000 08:04 4332854                    /usr/lib64/librt-2.21.so
7f3060b21000-7f3060c28000 r-xp 00000000 08:04 4332382                    /usr/lib64/libm-2.21.so
7f3060c28000-7f3060e27000 ---p 00107000 08:04 4332382                    /usr/lib64/libm-2.21.so
7f3060e27000-7f3060e28000 r--p 00106000 08:04 4332382                    /usr/lib64/libm-2.21.so
7f3060e28000-7f3060e29000 rw-p 00107000 08:04 4332382                    /usr/lib64/libm-2.21.so
7f3060e29000-7f306199c000 r-xp 00000000 08:05 7474881                    /home/justbe/Programs/java/jdk1.7.0_75/jre/lib/amd64/server/libjvm.so
7f306199c000-7f3061b9c000 ---p 00b73000 08:05 7474881                    /home/justbe/Programs/java/jdk1.7.0_75/jre/lib/amd64/server/libjvm.so
7f3061b9c000-7f3061c60000 rw-p 00b73000 08:05 7474881                    /home/justbe/Programs/java/jdk1.7.0_75/jre/lib/amd64/server/libjvm.so
7f3061c60000-7f3061ca1000 rw-p 00000000 00:00 0 
7f3061ca1000-7f3061e58000 r-xp 00000000 08:04 4332237                    /usr/lib64/libc-2.21.so
7f3061e58000-7f3062057000 ---p 001b7000 08:04 4332237                    /usr/lib64/libc-2.21.so
7f3062057000-7f306205b000 r--p 001b6000 08:04 4332237                    /usr/lib64/libc-2.21.so
7f306205b000-7f306205d000 rw-p 001ba000 08:04 4332237                    /usr/lib64/libc-2.21.so
7f306205d000-7f3062061000 rw-p 00000000 00:00 0 
7f3062061000-7f3062064000 r-xp 00000000 08:04 4332360                    /usr/lib64/libdl-2.21.so
7f3062064000-7f3062263000 ---p 00003000 08:04 4332360                    /usr/lib64/libdl-2.21.so
7f3062263000-7f3062264000 r--p 00002000 08:04 4332360                    /usr/lib64/libdl-2.21.so
7f3062264000-7f3062265000 rw-p 00003000 08:04 4332360                    /usr/lib64/libdl-2.21.so
7f3062265000-7f306227b000 r-xp 00000000 08:05 8923360                    /home/justbe/Programs/java/jdk1.7.0_75/lib/amd64/jli/libjli.so
7f306227b000-7f306247b000 ---p 00016000 08:05 8923360                    /home/justbe/Programs/java/jdk1.7.0_75/lib/amd64/jli/libjli.so
7f306247b000-7f306247c000 rw-p 00016000 08:05 8923360                    /home/justbe/Programs/java/jdk1.7.0_75/lib/amd64/jli/libjli.so
7f306247c000-7f3062493000 r-xp 00000000 08:04 4332750                    /usr/lib64/libpthread-2.21.so
7f3062493000-7f3062692000 ---p 00017000 08:04 4332750                    /usr/lib64/libpthread-2.21.so
7f3062692000-7f3062693000 r--p 00016000 08:04 4332750                    /usr/lib64/libpthread-2.21.so
7f3062693000-7f3062694000 rw-p 00017000 08:04 4332750                    /usr/lib64/libpthread-2.21.so
7f3062694000-7f3062698000 rw-p 00000000 00:00 0 
7f3062698000-7f30626b9000 r-xp 00000000 08:04 4335104                    /usr/lib64/ld-2.21.so
7f30626c3000-7f30626e4000 rw-p 00000000 00:00 0 
7f30626e4000-7f306279a000 rw-p 00000000 00:00 0 
7f306279a000-7f306279d000 ---p 00000000 00:00 0 
7f306279d000-7f306289f000 rw-p 00000000 00:00 0                          [stack:6014]
7f306289f000-7f30628ad000 r--s 000dc000 08:05 7870126                    /home/justbe/Programs/android-sdk-linux/build-tools/21.0.0/lib/dx.jar
7f30628ad000-7f30628b5000 rw-s 00000000 00:24 154588                     /tmp/hsperfdata_justbe/6012
7f30628b5000-7f30628b6000 rw-p 00000000 00:00 0 
7f30628b6000-7f30628b7000 r--p 00000000 00:00 0 
7f30628b7000-7f30628b8000 rw-p 00000000 00:00 0 
7f30628b8000-7f30628b9000 r--p 00020000 08:04 4335104                    /usr/lib64/ld-2.21.so
7f30628b9000-7f30628ba000 rw-p 00021000 08:04 4335104                    /usr/lib64/ld-2.21.so
7f30628ba000-7f30628bb000 rw-p 00000000 00:00 0 
7ffe9aa99000-7ffe9aaba000 rw-p 00000000 00:00 0                          [stack]
7ffe9aadf000-7ffe9aae1000 r--p 00000000 00:00 0                          [vvar]
7ffe9aae1000-7ffe9aae3000 r-xp 00000000 00:00 0                          [vdso]
ffffffffff600000-ffffffffff601000 r-xp 00000000 00:00 0                  [vsyscall]

VM Arguments:
jvm_args: -Xmx1024M -Dfile.encoding=UTF-8 -Duser.country=US -Duser.language=en -Duser.variant 
java_command: com.android.dx.command.Main --dex --output /home/justbe/justbe_workspace/source_code/WeatherForecast/app/build/intermediates/pre-dexed/debug/classes-3cbccfd14edd23c1dbdf1ce86417b839329e5fed.jar /home/justbe/justbe_workspace/source_code/WeatherForecast/app/build/intermediates/exploded-aar/com.google.android.gms/play-services-plus/7.8.0/jars/classes.jar
Launcher Type: SUN_STANDARD

Environment Variables:
JAVA_HOME=/home/justbe/Programs/java/jdk1.7.0_75
PATH=/usr/lib64/qt-3.3/bin:/usr/local/bin:/usr/local/sbin:/usr/bin:/usr/sbin:/bin:/sbin:/home/justbe/Programs/java/jdk1.7.0_75/bin:/home/justbe/Programs/apache-maven-3.2.5/bin:/home/justbe/Programs/android-sdk-linux/tools:/home/justbe/Programs/android-sdk-linux/platform-tools
USERNAME=justbe
LD_LIBRARY_PATH=/home/justbe/Programs/android-studio/bin:
SHELL=/bin/bash
DISPLAY=:0

Signal Handlers:
SIGSEGV: [libjvm.so+0x9a21f0], sa_mask[0]=0x7ffbfeff, sa_flags=0x10000004
SIGBUS: [libjvm.so+0x9a21f0], sa_mask[0]=0x7ffbfeff, sa_flags=0x10000004
SIGFPE: [libjvm.so+0x81ba40], sa_mask[0]=0x7ffbfeff, sa_flags=0x10000004
SIGPIPE: [libjvm.so+0x81ba40], sa_mask[0]=0x7ffbfeff, sa_flags=0x10000004
SIGXFSZ: [libjvm.so+0x81ba40], sa_mask[0]=0x7ffbfeff, sa_flags=0x10000004
SIGILL: [libjvm.so+0x81ba40], sa_mask[0]=0x7ffbfeff, sa_flags=0x10000004
SIGUSR1: SIG_DFL, sa_mask[0]=0x00000000, sa_flags=0x00000000
SIGUSR2: [libjvm.so+0x81d240], sa_mask[0]=0x00000004, sa_flags=0x10000004
SIGHUP: [libjvm.so+0x81e360], sa_mask[0]=0x7ffbfeff, sa_flags=0x10000004
SIGINT: [libjvm.so+0x81e360], sa_mask[0]=0x7ffbfeff, sa_flags=0x10000004
SIGTERM: [libjvm.so+0x81e360], sa_mask[0]=0x7ffbfeff, sa_flags=0x10000004
SIGQUIT: [libjvm.so+0x81e360], sa_mask[0]=0x7ffbfeff, sa_flags=0x10000004


---------------  S Y S T E M  ---------------

OS:Fedora release 22 (Twenty Two)

uname:Linux 4.0.4-301.fc22.x86_64+debug #1 SMP Thu May 21 12:56:19 UTC 2015 x86_64
libc:glibc 2.21 NPTL 2.21 
rlimit: STACK 8192k, CORE 0k, NPROC 4096, NOFILE 4096, AS infinity
load average:2.80 1.19 1.18

/proc/meminfo:
MemTotal:        3984412 kB
MemFree:          277300 kB
MemAvailable:     823116 kB
Buffers:           22548 kB
Cached:           819992 kB
SwapCached:          908 kB
Active:          2498608 kB
Inactive:         855152 kB
Active(anon):    2145680 kB
Inactive(anon):   565660 kB
Active(file):     352928 kB
Inactive(file):   289492 kB
Unevictable:          16 kB
Mlocked:              16 kB
SwapTotal:      15624188 kB
SwapFree:       15619964 kB
Dirty:             20556 kB
Writeback:             0 kB
AnonPages:       2510488 kB
Mapped:           339216 kB
Shmem:            200120 kB
Slab:             232112 kB
SReclaimable:     144644 kB
SUnreclaim:        87468 kB
KernelStack:       10512 kB
PageTables:        46988 kB
NFS_Unstable:          0 kB
Bounce:                0 kB
WritebackTmp:          0 kB
CommitLimit:    17616392 kB
Committed_AS:    6862736 kB
VmallocTotal:   34359738367 kB
VmallocUsed:      571200 kB
VmallocChunk:   34359161416 kB
HardwareCorrupted:     0 kB
AnonHugePages:         0 kB
HugePages_Total:       0
HugePages_Free:        0
HugePages_Rsvd:        0
HugePages_Surp:        0
Hugepagesize:       2048 kB
DirectMap4k:      168140 kB
DirectMap2M:     3987456 kB


CPU:total 4 (4 cores per cpu, 1 threads per core) family 6 model 23 stepping 10, cmov, cx8, fxsr, mmx, sse, sse2, sse3, ssse3, sse4.1, tsc

/proc/cpuinfo:
processor	: 0
vendor_id	: GenuineIntel
cpu family	: 6
model		: 23
model name	: Intel(R) Core(TM)2 Quad CPU    Q8400  @ 2.66GHz
stepping	: 10
microcode	: 0xa0b
cpu MHz		: 2664.000
cache size	: 2048 KB
physical id	: 0
siblings	: 4
core id		: 0
cpu cores	: 4
apicid		: 0
initial apicid	: 0
fpu		: yes
fpu_exception	: yes
cpuid level	: 13
wp		: yes
flags		: fpu vme de pse tsc msr pae mce cx8 apic sep mtrr pge mca cmov pat pse36 clflush dts acpi mmx fxsr sse sse2 ss ht tm pbe syscall nx lm constant_tsc arch_perfmon pebs bts rep_good nopl aperfmperf pni dtes64 monitor ds_cpl vmx est tm2 ssse3 cx16 xtpr pdcm sse4_1 xsave lahf_lm dtherm tpr_shadow vnmi flexpriority
bugs		:
bogomips	: 5333.41
clflush size	: 64
cache_alignment	: 64
address sizes	: 36 bits physical, 48 bits virtual
power management:

processor	: 1
vendor_id	: GenuineIntel
cpu family	: 6
model		: 23
model name	: Intel(R) Core(TM)2 Quad CPU    Q8400  @ 2.66GHz
stepping	: 10
microcode	: 0xa0b
cpu MHz		: 2664.000
cache size	: 2048 KB
physical id	: 0
siblings	: 4
core id		: 1
cpu cores	: 4
apicid		: 1
initial apicid	: 1
fpu		: yes
fpu_exception	: yes
cpuid level	: 13
wp		: yes
flags		: fpu vme de pse tsc msr pae mce cx8 apic sep mtrr pge mca cmov pat pse36 clflush dts acpi mmx fxsr sse sse2 ss ht tm pbe syscall nx lm constant_tsc arch_perfmon pebs bts rep_good nopl aperfmperf pni dtes64 monitor ds_cpl vmx est tm2 ssse3 cx16 xtpr pdcm sse4_1 xsave lahf_lm dtherm tpr_shadow vnmi flexpriority
bugs		:
bogomips	: 5333.41
clflush size	: 64
cache_alignment	: 64
address sizes	: 36 bits physical, 48 bits virtual
power management:

processor	: 2
vendor_id	: GenuineIntel
cpu family	: 6
model		: 23
model name	: Intel(R) Core(TM)2 Quad CPU    Q8400  @ 2.66GHz
stepping	: 10
microcode	: 0xa0b
cpu MHz		: 2664.000
cache size	: 2048 KB
physical id	: 0
siblings	: 4
core id		: 2
cpu cores	: 4
apicid		: 2
initial apicid	: 2
fpu		: yes
fpu_exception	: yes
cpuid level	: 13
wp		: yes
flags		: fpu vme de pse tsc msr pae mce cx8 apic sep mtrr pge mca cmov pat pse36 clflush dts acpi mmx fxsr sse sse2 ss ht tm pbe syscall nx lm constant_tsc arch_perfmon pebs bts rep_good nopl aperfmperf pni dtes64 monitor ds_cpl vmx est tm2 ssse3 cx16 xtpr pdcm sse4_1 xsave lahf_lm dtherm tpr_shadow vnmi flexpriority
bugs		:
bogomips	: 5333.41
clflush size	: 64
cache_alignment	: 64
address sizes	: 36 bits physical, 48 bits virtual
power management:

processor	: 3
vendor_id	: GenuineIntel
cpu family	: 6
model		: 23
model name	: Intel(R) Core(TM)2 Quad CPU    Q8400  @ 2.66GHz
stepping	: 10
microcode	: 0xa0b
cpu MHz		: 2664.000
cache size	: 2048 KB
physical id	: 0
siblings	: 4
core id		: 3
cpu cores	: 4
apicid		: 3
initial apicid	: 3
fpu		: yes
fpu_exception	: yes
cpuid level	: 13
wp		: yes
flags		: fpu vme de pse tsc msr pae mce cx8 apic sep mtrr pge mca cmov pat pse36 clflush dts acpi mmx fxsr sse sse2 ss ht tm pbe syscall nx lm constant_tsc arch_perfmon pebs bts rep_good nopl aperfmperf pni dtes64 monitor ds_cpl vmx est tm2 ssse3 cx16 xtpr pdcm sse4_1 xsave lahf_lm dtherm tpr_shadow vnmi flexpriority
bugs		:
bogomips	: 5333.41
clflush size	: 64
cache_alignment	: 64
address sizes	: 36 bits physical, 48 bits virtual
power management:



Memory: 4k page, physical 3984412k(277300k free), swap 15624188k(15619964k free)

vm_info: Java HotSpot(TM) 64-Bit Server VM (24.75-b04) for linux-amd64 JRE (1.7.0_75-b13), built on Dec 18 2014 16:45:18 by "java_re" with gcc 4.3.0 20080428 (Red Hat 4.3.0-8)

time: Fri Aug 28 16:19:27 2015
elapsed time: 9 seconds

