#
# A fatal error has been detected by the Java Runtime Environment:
#
#  SIGSEGV (0xb) at pc=0x00007f4304a38017, pid=12364, tid=139925985126144
#
# JRE version: Java(TM) SE Runtime Environment (7.0_75-b13) (build 1.7.0_75-b13)
# Java VM: Java HotSpot(TM) 64-Bit Server VM (24.75-b04 mixed mode linux-amd64 compressed oops)
# Problematic frame:
# J 41 C2 java.util.ArrayList.ensureCapacityInternal(I)V (23 bytes) @ 0x00007f4304a38017 [0x00007f4304a37fa0+0x77]
#
# Failed to write core dump. Core dumps have been disabled. To enable core dumping, try "ulimit -c unlimited" before starting Java again
#
# If you would like to submit a bug report, please visit:
#   http://bugreport.sun.com/bugreport/crash.jsp
#

---------------  T H R E A D  ---------------

Current thread (0x00007f430800b000):  JavaThread "main" [_thread_in_Java, id=12368, stack(0x00007f430e936000,0x00007f430ea37000)]

siginfo:si_signo=SIGSEGV: si_errno=0, si_code=1 (SEGV_MAPERR), si_addr=0x0000000000000050

Registers:
RAX=0x000000000000000f, RBX=0x00000000baef54e0, RCX=0x00000000ec410088, RDX=0x000000000000000b
RSP=0x00007f430ea34df0, RBP=0x00007f430ea34e90, RSI=0x000000000000000b, RDI=0x0000000000000acb
R8 =0x0000000040000000, R9 =0x0000000000000001, R10=0x0000000000000004, R11=0x00000000ec410170
R12=0x0000000000000000, R13=0x00007f430ea34e40, R14=0x00007f430ea34eb0, R15=0x00007f430800b000
RIP=0x00007f4304a38017, EFLAGS=0x0000000000010202, CSGSFS=0x0000000000000033, ERR=0x0000000000000004
  TRAPNO=0x000000000000000e

Top of Stack: (sp=0x00007f430ea34df0)
0x00007f430ea34df0:   00000000ec410088 00000000baef6ce0
0x00007f430ea34e00:   00007f430ea34e48 00000000baef80e0
0x00007f430ea34e10:   00000000bb370f38 00000000baef6d08
0x00007f430ea34e20:   00007f430ea34e90 00007f43049d2058
0x00007f430ea34e30:   00007f430ea34e90 00007f43049d2058
0x00007f430ea34e40:   000000000000000b 00000000ec410088
0x00007f430ea34e50:   00007f430ea34e50 00000000baef637c
0x00007f430ea34e60:   00007f430ea34eb0 00000000baef80e0
0x00007f430ea34e70:   00000000bb370de0 00000000baef63b0
0x00007f430ea34e80:   00007f430ea34e40 00007f430ea34ea0
0x00007f430ea34e90:   00007f430ea34ef8 00007f43049d2058
0x00007f430ea34ea0:   00000000ec421920 0000000000000000
0x00007f430ea34eb0:   00000000ec410088 00007f430ea34eb8
0x00007f430ea34ec0:   00000000bb252d5e 00007f430ea34f10
0x00007f430ea34ed0:   00000000bb256198 0000000000000000
0x00007f430ea34ee0:   00000000bb252d88 00007f430ea34ea0
0x00007f430ea34ef0:   00007f430ea34f20 00000000ec41fc20
0x00007f430ea34f00:   00007f4304a78708 00007f430000000e
0x00007f430ea34f10:   00000000ec410040 00007f4304a78708
0x00007f430ea34f20:   00000000ec415350 0000006000000000
0x00007f430ea34f30:   00000000ec4188b0 00000000ec420af0
0x00007f430ea34f40:   00000000ec420b40 4000000000000000
0x00007f430ea34f50:   0000000f0000000e 0000000eec406190
0x00007f430ea34f60:   00000000ec4218e8 000000400000003e
0x00007f430ea34f70:   00000000ec41fc20 00000000ec4211e8
0x00007f430ea34f80:   0000000000000001 00007f430ea34fd0
0x00007f430ea34f90:   00000000bb259720 0000000000000000
0x00007f430ea34fa0:   00007f430ea35018 00007f43049d2058
0x00007f430ea34fb0:   00007f430ea34fd0 00007f43049d2058
0x00007f430ea34fc0:   0000000000000000 00000000ec415350
0x00007f430ea34fd0:   00000000ec406140 00007f430ea34fd8
0x00007f430ea34fe0:   00000000bb244525 00007f430ea35048 

Instructions: (pc=0x00007f4304a38017)
0x00007f4304a37ff7:   00 83 fa 0a 8b f2 41 0f 4e f0 eb cc 41 8b c2 d1
0x00007f4304a38007:   f8 41 03 c2 44 8b d0 44 2b d6 45 85 d2 0f 4c c6
0x00007f4304a38017:   44 8b 40 41 81 c0 09 00 00 80 45 85 c0 7e 23 90
0x00007f4304a38027:   e8 34 bf fc ff 4c 8b 14 24 45 8b 5a 14 45 85 db 

Register to memory mapping:

RAX=0x000000000000000f is an unknown value
RBX=0x00000000baef54e0 is an oop
{method} 
 - klass: {other class}
RCX=0x00000000ec410088 is an oop
java.util.ArrayList 
 - klass: 'java/util/ArrayList'
RDX=0x000000000000000b is an unknown value
RSP=0x00007f430ea34df0 is pointing into the stack for thread: 0x00007f430800b000
RBP=0x00007f430ea34e90 is pointing into the stack for thread: 0x00007f430800b000
RSI=0x000000000000000b is an unknown value
RDI=0x0000000000000acb is an unknown value
R8 =0x0000000040000000 is an unknown value
R9 =0x0000000000000001 is an unknown value
R10=0x0000000000000004 is an unknown value
R11=0x00000000ec410170 is an oop
[Ljava.lang.Object; 
 - klass: 'java/lang/Object'[]
 - length: 10
R12=0x0000000000000000 is an unknown value
R13=0x00007f430ea34e40 is pointing into the stack for thread: 0x00007f430800b000
R14=0x00007f430ea34eb0 is pointing into the stack for thread: 0x00007f430800b000
R15=0x00007f430800b000 is a thread


Stack: [0x00007f430e936000,0x00007f430ea37000],  sp=0x00007f430ea34df0,  free space=1019k
Native frames: (J=compiled Java code, j=interpreted, Vv=VM code, C=native code)
J 41 C2 java.util.ArrayList.ensureCapacityInternal(I)V (23 bytes) @ 0x00007f4304a38017 [0x00007f4304a37fa0+0x77]
j  java.util.ArrayList.add(ILjava/lang/Object;)V+12
j  com.android.dx.ssa.SsaBasicBlock.addPhiInsnForReg(I)V+14
J 141 C2 com.android.dx.ssa.SsaConverter.placePhiFunctions(Lcom/android/dx/ssa/SsaMethod;Lcom/android/dx/ssa/LocalVariableInfo;I)V (394 bytes) @ 0x00007f4304a78708 [0x00007f4304a77740+0xfc8]
j  com.android.dx.ssa.SsaConverter.convertToSsaMethod(Lcom/android/dx/rop/code/RopMethod;IZ)Lcom/android/dx/ssa/SsaMethod;+21
j  com.android.dx.ssa.Optimizer.optimize(Lcom/android/dx/rop/code/RopMethod;IZZLcom/android/dx/rop/code/TranslationAdvice;Ljava/util/EnumSet;)Lcom/android/dx/rop/code/RopMethod;+15
j  com.android.dx.ssa.Optimizer.optimize(Lcom/android/dx/rop/code/RopMethod;IZZLcom/android/dx/rop/code/TranslationAdvice;)Lcom/android/dx/rop/code/RopMethod;+12
j  com.android.dx.dex.cf.CfTranslator.processMethods(Lcom/android/dx/cf/direct/DirectClassFile;Lcom/android/dx/dex/cf/CfOptions;Lcom/android/dx/dex/DexOptions;Lcom/android/dx/dex/file/ClassDefItem;Lcom/android/dx/dex/file/DexFile;)V+265
j  com.android.dx.dex.cf.CfTranslator.translate0(Lcom/android/dx/cf/direct/DirectClassFile;[BLcom/android/dx/dex/cf/CfOptions;Lcom/android/dx/dex/DexOptions;Lcom/android/dx/dex/file/DexFile;)Lcom/android/dx/dex/file/ClassDefItem;+120
j  com.android.dx.dex.cf.CfTranslator.translate(Lcom/android/dx/cf/direct/DirectClassFile;[BLcom/android/dx/dex/cf/CfOptions;Lcom/android/dx/dex/DexOptions;Lcom/android/dx/dex/file/DexFile;)Lcom/android/dx/dex/file/ClassDefItem;+6
j  com.android.dx.command.dexer.Main.processClass(Ljava/lang/String;[B)Z+251
j  com.android.dx.command.dexer.Main.processFileBytes(Ljava/lang/String;J[B)Z+188
j  com.android.dx.command.dexer.Main.access$300(Ljava/lang/String;J[B)Z+3
j  com.android.dx.command.dexer.Main$1.processFileBytes(Ljava/lang/String;J[B)Z+4
j  com.android.dx.cf.direct.ClassPathOpener.processArchive(Ljava/io/File;)Z+196
j  com.android.dx.cf.direct.ClassPathOpener.processOne(Ljava/io/File;Z)Z+48
j  com.android.dx.cf.direct.ClassPathOpener.process()Z+15
j  com.android.dx.command.dexer.Main.processOne(Ljava/lang/String;Lcom/android/dx/cf/direct/ClassPathOpener$FileNameFilter;)V+58
j  com.android.dx.command.dexer.Main.processAllFiles()Z+202
j  com.android.dx.command.dexer.Main.runMonoDex()I+58
j  com.android.dx.command.dexer.Main.run(Lcom/android/dx/command/dexer/Main$Arguments;)I+76
j  com.android.dx.command.dexer.Main.main([Ljava/lang/String;)V+14
j  com.android.dx.command.Main.main([Ljava/lang/String;)V+61
v  ~StubRoutines::call_stub
V  [libjvm.so+0x600045]  JavaCalls::call_helper(JavaValue*, methodHandle*, JavaCallArguments*, Thread*)+0x365
V  [libjvm.so+0x5feaa8]  JavaCalls::call(JavaValue*, methodHandle, JavaCallArguments*, Thread*)+0x28
V  [libjvm.so+0x638a59]  jni_invoke_static(JNIEnv_*, JavaValue*, _jobject*, JNICallType, _jmethodID*, JNI_ArgumentPusher*, Thread*)+0x219
V  [libjvm.so+0x641672]  jni_CallStaticVoidMethod+0x162
C  [libjli.so+0x36d9]  JavaMain+0x7e9


---------------  P R O C E S S  ---------------

Java Threads: ( => current thread )
  0x00007f4308192800 JavaThread "Service Thread" daemon [_thread_blocked, id=12393, stack(0x00007f42e3198000,0x00007f42e3299000)]
  0x00007f430818d800 JavaThread "C2 CompilerThread1" daemon [_thread_in_native, id=12391, stack(0x00007f42e3299000,0x00007f42e339a000)]
  0x00007f430818b800 JavaThread "C2 CompilerThread0" daemon [_thread_in_native, id=12390, stack(0x00007f42e339a000,0x00007f42e349b000)]
  0x00007f4308159800 JavaThread "Signal Dispatcher" daemon [_thread_blocked, id=12387, stack(0x00007f43000bf000,0x00007f43001c0000)]
  0x00007f4308138800 JavaThread "Finalizer" daemon [_thread_blocked, id=12383, stack(0x00007f43008a2000,0x00007f43009a3000)]
  0x00007f4308136800 JavaThread "Reference Handler" daemon [_thread_blocked, id=12382, stack(0x00007f43009a3000,0x00007f4300aa4000)]
=>0x00007f430800b000 JavaThread "main" [_thread_in_Java, id=12368, stack(0x00007f430e936000,0x00007f430ea37000)]

Other Threads:
  0x00007f4308132000 VMThread [stack: 0x00007f4300aa4000,0x00007f4300ba5000] [id=12381]
  0x00007f430819d000 WatcherThread [stack: 0x00007f42e3097000,0x00007f42e3198000] [id=12394]

VM state:not at safepoint (normal execution)

VM Mutex/Monitor currently owned by a thread: None

Heap
 PSYoungGen      total 34304K, used 29320K [0x00000000eaa80000, 0x00000000ef780000, 0x0000000100000000)
  eden space 31744K, 84% used [0x00000000eaa80000,0x00000000ec4a5e88,0x00000000ec980000)
  from space 2560K, 99% used [0x00000000ec980000,0x00000000ecbfc558,0x00000000ecc00000)
  to   space 7680K, 0% used [0x00000000ef000000,0x00000000ef000000,0x00000000ef780000)
 ParOldGen       total 41472K, used 14199K [0x00000000c0000000, 0x00000000c2880000, 0x00000000eaa80000)
  object space 41472K, 34% used [0x00000000c0000000,0x00000000c0ddde28,0x00000000c2880000)
 PSPermGen       total 21504K, used 5618K [0x00000000bae00000, 0x00000000bc300000, 0x00000000c0000000)
  object space 21504K, 26% used [0x00000000bae00000,0x00000000bb37c8b8,0x00000000bc300000)

Card table byte_map: [0x00007f43047a2000,0x00007f43049cc000] byte_map_base: 0x00007f43041cb000

Polling page: 0x00007f430ea50000

Code Cache  [0x00007f43049cc000, 0x00007f4304c3c000, 0x00007f43079cc000)
 total_blobs=630 nmethods=402 adapters=182 free_code_cache=47433Kb largest_free_block=48537024

Compilation events (10 events):
Event: 8.934 Thread 0x00007f430818d800 nmethod 402 0x00007f4304b4eb50 code [0x00007f4304b4ece0, 0x00007f4304b4efc8]
Event: 8.934 Thread 0x00007f430818d800  403             com.android.dx.ssa.SsaBasicBlock::getParent (5 bytes)
Event: 8.939 Thread 0x00007f430818d800 nmethod 403 0x00007f4304b75010 code [0x00007f4304b75140, 0x00007f4304b75198]
Event: 8.939 Thread 0x00007f430818d800  404             com.android.dx.cf.iface.StdMember::getAccessFlags (5 bytes)
Event: 8.940 Thread 0x00007f430818d800 nmethod 404 0x00007f4304ab16d0 code [0x00007f4304ab1800, 0x00007f4304ab1858]
Event: 8.940 Thread 0x00007f430818d800  405             com.android.dx.cf.code.BaseMachine::getLocalTarget (151 bytes)
Event: 8.968 Thread 0x00007f430818d800 nmethod 405 0x00007f4304b63b90 code [0x00007f4304b63de0, 0x00007f4304b64700]
Event: 8.968 Thread 0x00007f430818d800  406             com.android.dx.ssa.SCCP::simulatePhi (169 bytes)
Event: 9.020 Thread 0x00007f430818d800 nmethod 406 0x00007f4304b77490 code [0x00007f4304b776c0, 0x00007f4304b784c8]
Event: 9.020 Thread 0x00007f430818d800  407             com.android.dx.ssa.DeadCodeRemover::isCircularNoSideEffect (140 bytes)

GC Heap History (10 events):
Event: 2.665 GC heap before
{Heap before GC invocations=1 (full 0):
 PSYoungGen      total 18432K, used 15872K [0x00000000eaa80000, 0x00000000ebf00000, 0x0000000100000000)
  eden space 15872K, 100% used [0x00000000eaa80000,0x00000000eba00000,0x00000000eba00000)
  from space 2560K, 0% used [0x00000000ebc80000,0x00000000ebc80000,0x00000000ebf00000)
  to   space 2560K, 0% used [0x00000000eba00000,0x00000000eba00000,0x00000000ebc80000)
 ParOldGen       total 41472K, used 0K [0x00000000c0000000, 0x00000000c2880000, 0x00000000eaa80000)
  object space 41472K, 0% used [0x00000000c0000000,0x00000000c0000000,0x00000000c2880000)
 PSPermGen       total 21504K, used 5324K [0x00000000bae00000, 0x00000000bc300000, 0x00000000c0000000)
  object space 21504K, 24% used [0x00000000bae00000,0x00000000bb3331b0,0x00000000bc300000)
Event: 2.683 GC heap after
Heap after GC invocations=1 (full 0):
 PSYoungGen      total 18432K, used 2551K [0x00000000eaa80000, 0x00000000ebf00000, 0x0000000100000000)
  eden space 15872K, 0% used [0x00000000eaa80000,0x00000000eaa80000,0x00000000eba00000)
  from space 2560K, 99% used [0x00000000eba00000,0x00000000ebc7dc78,0x00000000ebc80000)
  to   space 2560K, 0% used [0x00000000ebc80000,0x00000000ebc80000,0x00000000ebf00000)
 ParOldGen       total 41472K, used 1373K [0x00000000c0000000, 0x00000000c2880000, 0x00000000eaa80000)
  object space 41472K, 3% used [0x00000000c0000000,0x00000000c01576b0,0x00000000c2880000)
 PSPermGen       total 21504K, used 5324K [0x00000000bae00000, 0x00000000bc300000, 0x00000000c0000000)
  object space 21504K, 24% used [0x00000000bae00000,0x00000000bb3331b0,0x00000000bc300000)
}
Event: 4.171 GC heap before
{Heap before GC invocations=2 (full 0):
 PSYoungGen      total 18432K, used 18423K [0x00000000eaa80000, 0x00000000ebf00000, 0x0000000100000000)
  eden space 15872K, 100% used [0x00000000eaa80000,0x00000000eba00000,0x00000000eba00000)
  from space 2560K, 99% used [0x00000000eba00000,0x00000000ebc7dc78,0x00000000ebc80000)
  to   space 2560K, 0% used [0x00000000ebc80000,0x00000000ebc80000,0x00000000ebf00000)
 ParOldGen       total 41472K, used 1373K [0x00000000c0000000, 0x00000000c2880000, 0x00000000eaa80000)
  object space 41472K, 3% used [0x00000000c0000000,0x00000000c01576b0,0x00000000c2880000)
 PSPermGen       total 21504K, used 5493K [0x00000000bae00000, 0x00000000bc300000, 0x00000000c0000000)
  object space 21504K, 25% used [0x00000000bae00000,0x00000000bb35d5d0,0x00000000bc300000)
Event: 4.201 GC heap after
Heap after GC invocations=2 (full 0):
 PSYoungGen      total 18432K, used 2551K [0x00000000eaa80000, 0x00000000ece80000, 0x0000000100000000)
  eden space 15872K, 0% used [0x00000000eaa80000,0x00000000eaa80000,0x00000000eba00000)
  from space 2560K, 99% used [0x00000000ebc80000,0x00000000ebefdc88,0x00000000ebf00000)
  to   space 2560K, 0% used [0x00000000eba00000,0x00000000eba00000,0x00000000ebc80000)
 ParOldGen       total 41472K, used 3874K [0x00000000c0000000, 0x00000000c2880000, 0x00000000eaa80000)
  object space 41472K, 9% used [0x00000000c0000000,0x00000000c03c8ad8,0x00000000c2880000)
 PSPermGen       total 21504K, used 5493K [0x00000000bae00000, 0x00000000bc300000, 0x00000000c0000000)
  object space 21504K, 25% used [0x00000000bae00000,0x00000000bb35d5d0,0x00000000bc300000)
}
Event: 5.246 GC heap before
{Heap before GC invocations=3 (full 0):
 PSYoungGen      total 18432K, used 18423K [0x00000000eaa80000, 0x00000000ece80000, 0x0000000100000000)
  eden space 15872K, 100% used [0x00000000eaa80000,0x00000000eba00000,0x00000000eba00000)
  from space 2560K, 99% used [0x00000000ebc80000,0x00000000ebefdc88,0x00000000ebf00000)
  to   space 2560K, 0% used [0x00000000eba00000,0x00000000eba00000,0x00000000ebc80000)
 ParOldGen       total 41472K, used 3874K [0x00000000c0000000, 0x00000000c2880000, 0x00000000eaa80000)
  object space 41472K, 9% used [0x00000000c0000000,0x00000000c03c8ad8,0x00000000c2880000)
 PSPermGen       total 21504K, used 5545K [0x00000000bae00000, 0x00000000bc300000, 0x00000000c0000000)
  object space 21504K, 25% used [0x00000000bae00000,0x00000000bb36a680,0x00000000bc300000)
Event: 5.289 GC heap after
Heap after GC invocations=3 (full 0):
 PSYoungGen      total 18432K, used 2545K [0x00000000eaa80000, 0x00000000ece80000, 0x0000000100000000)
  eden space 15872K, 0% used [0x00000000eaa80000,0x00000000eaa80000,0x00000000eba00000)
  from space 2560K, 99% used [0x00000000eba00000,0x00000000ebc7c568,0x00000000ebc80000)
  to   space 2560K, 0% used [0x00000000ecc00000,0x00000000ecc00000,0x00000000ece80000)
 ParOldGen       total 41472K, used 6504K [0x00000000c0000000, 0x00000000c2880000, 0x00000000eaa80000)
  object space 41472K, 15% used [0x00000000c0000000,0x00000000c065a290,0x00000000c2880000)
 PSPermGen       total 21504K, used 5545K [0x00000000bae00000, 0x00000000bc300000, 0x00000000c0000000)
  object space 21504K, 25% used [0x00000000bae00000,0x00000000bb36a680,0x00000000bc300000)
}
Event: 6.238 GC heap before
{Heap before GC invocations=4 (full 0):
 PSYoungGen      total 18432K, used 18417K [0x00000000eaa80000, 0x00000000ece80000, 0x0000000100000000)
  eden space 15872K, 100% used [0x00000000eaa80000,0x00000000eba00000,0x00000000eba00000)
  from space 2560K, 99% used [0x00000000eba00000,0x00000000ebc7c568,0x00000000ebc80000)
  to   space 2560K, 0% used [0x00000000ecc00000,0x00000000ecc00000,0x00000000ece80000)
 ParOldGen       total 41472K, used 6504K [0x00000000c0000000, 0x00000000c2880000, 0x00000000eaa80000)
  object space 41472K, 15% used [0x00000000c0000000,0x00000000c065a290,0x00000000c2880000)
 PSPermGen       total 21504K, used 5559K [0x00000000bae00000, 0x00000000bc300000, 0x00000000c0000000)
  object space 21504K, 25% used [0x00000000bae00000,0x00000000bb36df40,0x00000000bc300000)
Event: 6.285 GC heap after
Heap after GC invocations=4 (full 0):
 PSYoungGen      total 34304K, used 2560K [0x00000000eaa80000, 0x00000000ece80000, 0x0000000100000000)
  eden space 31744K, 0% used [0x00000000eaa80000,0x00000000eaa80000,0x00000000ec980000)
  from space 2560K, 100% used [0x00000000ecc00000,0x00000000ece80000,0x00000000ece80000)
  to   space 2560K, 0% used [0x00000000ec980000,0x00000000ec980000,0x00000000ecc00000)
 ParOldGen       total 41472K, used 9093K [0x00000000c0000000, 0x00000000c2880000, 0x00000000eaa80000)
  object space 41472K, 21% used [0x00000000c0000000,0x00000000c08e17b0,0x00000000c2880000)
 PSPermGen       total 21504K, used 5559K [0x00000000bae00000, 0x00000000bc300000, 0x00000000c0000000)
  object space 21504K, 25% used [0x00000000bae00000,0x00000000bb36df40,0x00000000bc300000)
}
Event: 8.211 GC heap before
{Heap before GC invocations=5 (full 0):
 PSYoungGen      total 34304K, used 34304K [0x00000000eaa80000, 0x00000000ece80000, 0x0000000100000000)
  eden space 31744K, 100% used [0x00000000eaa80000,0x00000000ec980000,0x00000000ec980000)
  from space 2560K, 100% used [0x00000000ecc00000,0x00000000ece80000,0x00000000ece80000)
  to   space 2560K, 0% used [0x00000000ec980000,0x00000000ec980000,0x00000000ecc00000)
 ParOldGen       total 41472K, used 9093K [0x00000000c0000000, 0x00000000c2880000, 0x00000000eaa80000)
  object space 41472K, 21% used [0x00000000c0000000,0x00000000c08e17b0,0x00000000c2880000)
 PSPermGen       total 21504K, used 5598K [0x00000000bae00000, 0x00000000bc300000, 0x00000000c0000000)
  object space 21504K, 26% used [0x00000000bae00000,0x00000000bb377b40,0x00000000bc300000)
Event: 8.261 GC heap after
Heap after GC invocations=5 (full 0):
 PSYoungGen      total 34304K, used 2545K [0x00000000eaa80000, 0x00000000ef780000, 0x0000000100000000)
  eden space 31744K, 0% used [0x00000000eaa80000,0x00000000eaa80000,0x00000000ec980000)
  from space 2560K, 99% used [0x00000000ec980000,0x00000000ecbfc558,0x00000000ecc00000)
  to   space 7680K, 0% used [0x00000000ef000000,0x00000000ef000000,0x00000000ef780000)
 ParOldGen       total 41472K, used 14199K [0x00000000c0000000, 0x00000000c2880000, 0x00000000eaa80000)
  object space 41472K, 34% used [0x00000000c0000000,0x00000000c0ddde28,0x00000000c2880000)
 PSPermGen       total 21504K, used 5598K [0x00000000bae00000, 0x00000000bc300000, 0x00000000c0000000)
  object space 21504K, 26% used [0x00000000bae00000,0x00000000bb377b40,0x00000000bc300000)
}

Deoptimization events (10 events):
Event: 5.154 Thread 0x00007f430800b000 Uncommon trap: reason=class_check action=maybe_recompile pc=0x00007f4304ab6df4 method=java.util.HashMap.put(Ljava/lang/Object;Ljava/lang/Object;)Ljava/lang/Object; @ 83
Event: 5.474 Thread 0x00007f430800b000 Uncommon trap: reason=unreached action=reinterpret pc=0x00007f4304a9f718 method=com.android.dx.ssa.SCCP.simulateBranch(Lcom/android/dx/ssa/SsaInsn;)V @ 329
Event: 5.476 Thread 0x00007f430800b000 Uncommon trap: reason=class_check action=maybe_recompile pc=0x00007f4304ab6df4 method=java.util.HashMap.put(Ljava/lang/Object;Ljava/lang/Object;)Ljava/lang/Object; @ 83
Event: 5.476 Thread 0x00007f430800b000 Uncommon trap: reason=class_check action=maybe_recompile pc=0x00007f4304ab6df4 method=java.util.HashMap.put(Ljava/lang/Object;Ljava/lang/Object;)Ljava/lang/Object; @ 83
Event: 5.476 Thread 0x00007f430800b000 Uncommon trap: reason=class_check action=maybe_recompile pc=0x00007f4304ab6df4 method=java.util.HashMap.put(Ljava/lang/Object;Ljava/lang/Object;)Ljava/lang/Object; @ 83
Event: 7.124 Thread 0x00007f430800b000 Uncommon trap: reason=unreached action=reinterpret pc=0x00007f4304b05cc4 method=com.android.dx.cf.code.BytecodeArray.parseInstruction(ILcom/android/dx/cf/code/BytecodeArray$Visitor;)I @ 1198
Event: 7.191 Thread 0x00007f430800b000 Uncommon trap: reason=unloaded action=reinterpret pc=0x00007f4304b194a8 method=com.android.dx.ssa.LiteralOpUpgrader$1.visitNonMoveInsn(Lcom/android/dx/ssa/NormalSsaInsn;)V @ 72
Event: 7.964 Thread 0x00007f430800b000 Uncommon trap: reason=unloaded action=reinterpret pc=0x00007f4304b259c4 method=com.android.dx.cf.cst.ConstantPoolParser.parse0(ILjava/util/BitSet;)Lcom/android/dx/rop/cst/Constant; @ 220
Event: 8.084 Thread 0x00007f430800b000 Uncommon trap: reason=null_check action=make_not_entrant pc=0x00007f4304b5d894 method=com.android.dx.dex.file.MethodIdsSection.intern(Lcom/android/dx/rop/cst/CstBaseMethodRef;)Lcom/android/dx/dex/file/MethodIdItem; @ 26
Event: 9.011 Thread 0x00007f430800b000 Uncommon trap: reason=class_check action=maybe_recompile pc=0x00007f4304ae0d40 method=com.android.dx.cf.code.Ropper.processBlock(Lcom/android/dx/cf/code/ByteBlock;Lcom/android/dx/cf/code/Frame;[I)V @ 777

Internal exceptions (10 events):
Event: 2.288 Thread 0x00007f430800b000 Threw 0x00000000eb81a998 at /HUDSON/workspace/7u-2-build-linux-amd64/jdk7u75/1940/hotspot/src/share/vm/prims/jvm.cpp:1281
Event: 2.555 Thread 0x00007f430800b000 Threw 0x00000000eb961698 at /HUDSON/workspace/7u-2-build-linux-amd64/jdk7u75/1940/hotspot/src/share/vm/prims/jvm.cpp:1281
Event: 3.406 Thread 0x00007f430800b000 Threw 0x00000000eaff2ac0 at /HUDSON/workspace/7u-2-build-linux-amd64/jdk7u75/1940/hotspot/src/share/vm/prims/jvm.cpp:1281
Event: 3.894 Thread 0x00007f430800b000 Implicit null exception at 0x00007f4304a8734a to 0x00007f4304a881a1
Event: 4.684 Thread 0x00007f430800b000 Implicit null exception at 0x00007f4304ab1b77 to 0x00007f4304ab22a5
Event: 4.700 Thread 0x00007f430800b000 Threw 0x00000000eb1e45d0 at /HUDSON/workspace/7u-2-build-linux-amd64/jdk7u75/1940/hotspot/src/share/vm/prims/jvm.cpp:1281
Event: 5.064 Thread 0x00007f430800b000 Threw 0x00000000eb817aa0 at /HUDSON/workspace/7u-2-build-linux-amd64/jdk7u75/1940/hotspot/src/share/vm/prims/jvm.cpp:1281
Event: 7.191 Thread 0x00007f430800b000 Threw 0x00000000eb7f6640 at /HUDSON/workspace/7u-2-build-linux-amd64/jdk7u75/1940/hotspot/src/share/vm/prims/jvm.cpp:1281
Event: 7.968 Thread 0x00007f430800b000 Threw 0x00000000ec47a218 at /HUDSON/workspace/7u-2-build-linux-amd64/jdk7u75/1940/hotspot/src/share/vm/prims/jvm.cpp:1281
Event: 9.080 Thread 0x00007f430800b000 Implicit null exception at 0x00007f4304a38017 to 0x0000000000000000

Events (10 events):
Event: 7.968 loading class 0x00007f4308246b40 done
Event: 8.084 Thread 0x00007f430800b000 Uncommon trap: trap_request=0xfffffff4 fr.pc=0x00007f4304b5d894
Event: 8.084 Thread 0x00007f430800b000 DEOPT PACKING pc=0x00007f4304b5d894 sp=0x00007f430ea35290
Event: 8.084 Thread 0x00007f430800b000 DEOPT UNPACKING pc=0x00007f4304a05045 sp=0x00007f430ea351d8 mode 2
Event: 8.211 Executing VM operation: ParallelGCFailedAllocation
Event: 8.261 Executing VM operation: ParallelGCFailedAllocation done
Event: 8.577 Thread 0x00007f430818d800 flushing nmethod 0x00007f4304ab14d0
Event: 9.011 Thread 0x00007f430800b000 Uncommon trap: trap_request=0xffffffde fr.pc=0x00007f4304ae0d40
Event: 9.011 Thread 0x00007f430800b000 DEOPT PACKING pc=0x00007f4304ae0d40 sp=0x00007f430ea34f80
Event: 9.011 Thread 0x00007f430800b000 DEOPT UNPACKING pc=0x00007f4304a05045 sp=0x00007f430ea34f38 mode 2


Dynamic libraries:
00400000-00401000 r-xp 00000000 08:05 8923390                            /home/justbe/Programs/java/jdk1.7.0_75/bin/java
00600000-00601000 rw-p 00000000 08:05 8923390                            /home/justbe/Programs/java/jdk1.7.0_75/bin/java
010da000-010fb000 rw-p 00000000 00:00 0                                  [heap]
bae00000-bc300000 rw-p 00000000 00:00 0 
bc300000-c0000000 rw-p 00000000 00:00 0 
c0000000-c2880000 rw-p 00000000 00:00 0 
c2880000-eaa80000 rw-p 00000000 00:00 0 
eaa80000-ef780000 rw-p 00000000 00:00 0 
ef780000-100000000 rw-p 00000000 00:00 0 
7f42c8000000-7f42c8021000 rw-p 00000000 00:00 0 
7f42c8021000-7f42cc000000 ---p 00000000 00:00 0 
7f42d0000000-7f42d08ef000 rw-p 00000000 00:00 0 
7f42d08ef000-7f42d4000000 ---p 00000000 00:00 0 
7f42d4000000-7f42d4021000 rw-p 00000000 00:00 0 
7f42d4021000-7f42d8000000 ---p 00000000 00:00 0 
7f42d8000000-7f42d8ce5000 rw-p 00000000 00:00 0 
7f42d8ce5000-7f42dc000000 ---p 00000000 00:00 0 
7f42dc000000-7f42dc021000 rw-p 00000000 00:00 0 
7f42dc021000-7f42e0000000 ---p 00000000 00:00 0 
7f42e2801000-7f42e2c6f000 rw-p 00000000 00:00 0 
7f42e2c6f000-7f42e2c85000 r-xp 00000000 08:05 7474867                    /home/justbe/Programs/java/jdk1.7.0_75/jre/lib/amd64/libnet.so
7f42e2c85000-7f42e2e85000 ---p 00016000 08:05 7474867                    /home/justbe/Programs/java/jdk1.7.0_75/jre/lib/amd64/libnet.so
7f42e2e85000-7f42e2e86000 rw-p 00016000 08:05 7474867                    /home/justbe/Programs/java/jdk1.7.0_75/jre/lib/amd64/libnet.so
7f42e2e86000-7f42e2e96000 r-xp 00000000 08:05 7474833                    /home/justbe/Programs/java/jdk1.7.0_75/jre/lib/amd64/libnio.so
7f42e2e96000-7f42e3096000 ---p 00010000 08:05 7474833                    /home/justbe/Programs/java/jdk1.7.0_75/jre/lib/amd64/libnio.so
7f42e3096000-7f42e3097000 rw-p 00010000 08:05 7474833                    /home/justbe/Programs/java/jdk1.7.0_75/jre/lib/amd64/libnio.so
7f42e3097000-7f42e3098000 ---p 00000000 00:00 0 
7f42e3098000-7f42e3198000 rw-p 00000000 00:00 0                          [stack:12394]
7f42e3198000-7f42e319b000 ---p 00000000 00:00 0 
7f42e319b000-7f42e3299000 rw-p 00000000 00:00 0                          [stack:12393]
7f42e3299000-7f42e329c000 ---p 00000000 00:00 0 
7f42e329c000-7f42e339a000 rw-p 00000000 00:00 0                          [stack:12391]
7f42e339a000-7f42e339d000 ---p 00000000 00:00 0 
7f42e339d000-7f42e349b000 rw-p 00000000 00:00 0                          [stack:12390]
7f42e349b000-7f42e34a0000 r-xp 00000000 08:08 3285722                    /usr/lib/x86_64-linux-gnu/libXdmcp.so.6.0.0
7f42e34a0000-7f42e369f000 ---p 00005000 08:08 3285722                    /usr/lib/x86_64-linux-gnu/libXdmcp.so.6.0.0
7f42e369f000-7f42e36a0000 r--p 00004000 08:08 3285722                    /usr/lib/x86_64-linux-gnu/libXdmcp.so.6.0.0
7f42e36a0000-7f42e36a1000 rw-p 00005000 08:08 3285722                    /usr/lib/x86_64-linux-gnu/libXdmcp.so.6.0.0
7f42e36a1000-7f42e36a3000 r-xp 00000000 08:08 3285711                    /usr/lib/x86_64-linux-gnu/libXau.so.6.0.0
7f42e36a3000-7f42e38a3000 ---p 00002000 08:08 3285711                    /usr/lib/x86_64-linux-gnu/libXau.so.6.0.0
7f42e38a3000-7f42e38a4000 r--p 00002000 08:08 3285711                    /usr/lib/x86_64-linux-gnu/libXau.so.6.0.0
7f42e38a4000-7f42e38a5000 rw-p 00003000 08:08 3285711                    /usr/lib/x86_64-linux-gnu/libXau.so.6.0.0
7f42e38a5000-7f42e38c2000 r-xp 00000000 08:08 3286909                    /usr/lib/x86_64-linux-gnu/libxcb.so.1.1.0
7f42e38c2000-7f42e3ac2000 ---p 0001d000 08:08 3286909                    /usr/lib/x86_64-linux-gnu/libxcb.so.1.1.0
7f42e3ac2000-7f42e3ac3000 r--p 0001d000 08:08 3286909                    /usr/lib/x86_64-linux-gnu/libxcb.so.1.1.0
7f42e3ac3000-7f42e3ac4000 rw-p 0001e000 08:08 3286909                    /usr/lib/x86_64-linux-gnu/libxcb.so.1.1.0
7f42e3ac4000-7f42e3bf7000 r-xp 00000000 08:08 3285707                    /usr/lib/x86_64-linux-gnu/libX11.so.6.3.0
7f42e3bf7000-7f42e3df7000 ---p 00133000 08:08 3285707                    /usr/lib/x86_64-linux-gnu/libX11.so.6.3.0
7f42e3df7000-7f42e3df8000 r--p 00133000 08:08 3285707                    /usr/lib/x86_64-linux-gnu/libX11.so.6.3.0
7f42e3df8000-7f42e3dfc000 rw-p 00134000 08:08 3285707                    /usr/lib/x86_64-linux-gnu/libX11.so.6.3.0
7f42e3dfc000-7f42e3dfd000 rw-p 00000000 00:00 0 
7f42e3dfd000-7f42e3dff000 r-xp 00000000 08:08 3282334                    /usr/lib/jayatana/libjayatanaag.so
7f42e3dff000-7f42e3ffe000 ---p 00002000 08:08 3282334                    /usr/lib/jayatana/libjayatanaag.so
7f42e3ffe000-7f42e3fff000 r--p 00001000 08:08 3282334                    /usr/lib/jayatana/libjayatanaag.so
7f42e3fff000-7f42e4000000 rw-p 00002000 08:08 3282334                    /usr/lib/jayatana/libjayatanaag.so
7f42e4000000-7f42e4021000 rw-p 00000000 00:00 0 
7f42e4021000-7f42e8000000 ---p 00000000 00:00 0 
7f42e8000000-7f42e8021000 rw-p 00000000 00:00 0 
7f42e8021000-7f42ec000000 ---p 00000000 00:00 0 
7f42ec000000-7f42ec021000 rw-p 00000000 00:00 0 
7f42ec021000-7f42f0000000 ---p 00000000 00:00 0 
7f42f0000000-7f42f0021000 rw-p 00000000 00:00 0 
7f42f0021000-7f42f4000000 ---p 00000000 00:00 0 
7f42f4000000-7f42f4021000 rw-p 00000000 00:00 0 
7f42f4021000-7f42f8000000 ---p 00000000 00:00 0 
7f42f8000000-7f42f8021000 rw-p 00000000 00:00 0 
7f42f8021000-7f42fc000000 ---p 00000000 00:00 0 
7f42fc000000-7f42fc021000 rw-p 00000000 00:00 0 
7f42fc021000-7f4300000000 ---p 00000000 00:00 0 
7f43000aa000-7f43000bf000 r--s 000bd000 08:05 8258480                    /home/justbe/justbe_workspace/source_code/WeatherForecast/app/build/intermediates/exploded-aar/com.google.android.gms/play-services-ads/7.8.0/jars/classes.jar
7f43000bf000-7f43000c2000 ---p 00000000 00:00 0 
7f43000c2000-7f43001c0000 rw-p 00000000 00:00 0                          [stack:12387]
7f43001c0000-7f43008a2000 r--p 00000000 08:08 3284687                    /usr/lib/locale/locale-archive
7f43008a2000-7f43008a5000 ---p 00000000 00:00 0 
7f43008a5000-7f43009a3000 rw-p 00000000 00:00 0                          [stack:12383]
7f43009a3000-7f43009a6000 ---p 00000000 00:00 0 
7f43009a6000-7f4300aa4000 rw-p 00000000 00:00 0                          [stack:12382]
7f4300aa4000-7f4300aa5000 ---p 00000000 00:00 0 
7f4300aa5000-7f4301aff000 rw-p 00000000 00:00 0                          [stack:12381]
7f4301aff000-7f4301cbe000 r--s 039eb000 08:05 7346586                    /home/justbe/Programs/java/jdk1.7.0_75/jre/lib/rt.jar
7f4301cbe000-7f4304248000 rw-p 00000000 00:00 0 
7f4304248000-7f4304249000 ---p 00000000 00:00 0 
7f4304249000-7f4304349000 rw-p 00000000 00:00 0                          [stack:12378]
7f4304349000-7f430434a000 ---p 00000000 00:00 0 
7f430434a000-7f430444a000 rw-p 00000000 00:00 0                          [stack:12377]
7f430444a000-7f430444b000 ---p 00000000 00:00 0 
7f430444b000-7f430454b000 rw-p 00000000 00:00 0                          [stack:12376]
7f430454b000-7f430454c000 ---p 00000000 00:00 0 
7f430454c000-7f4304661000 rw-p 00000000 00:00 0                          [stack:12375]
7f4304661000-7f43047a2000 rw-p 00000000 00:00 0 
7f43047a2000-7f43047ad000 rw-p 00000000 00:00 0 
7f43047ad000-7f43047cb000 rw-p 00000000 00:00 0 
7f43047cb000-7f43047e0000 rw-p 00000000 00:00 0 
7f43047e0000-7f4304920000 rw-p 00000000 00:00 0 
7f4304920000-7f4304947000 rw-p 00000000 00:00 0 
7f4304947000-7f43049cb000 rw-p 00000000 00:00 0 
7f43049cb000-7f43049cc000 rw-p 00000000 00:00 0 
7f43049cc000-7f4304c3c000 rwxp 00000000 00:00 0 
7f4304c3c000-7f43079cc000 rw-p 00000000 00:00 0 
7f43079cc000-7f43079e6000 r-xp 00000000 08:05 7474862                    /home/justbe/Programs/java/jdk1.7.0_75/jre/lib/amd64/libzip.so
7f43079e6000-7f4307be6000 ---p 0001a000 08:05 7474862                    /home/justbe/Programs/java/jdk1.7.0_75/jre/lib/amd64/libzip.so
7f4307be6000-7f4307be7000 rw-p 0001a000 08:05 7474862                    /home/justbe/Programs/java/jdk1.7.0_75/jre/lib/amd64/libzip.so
7f4307be7000-7f4307bf3000 r-xp 00000000 08:08 1708325                    /lib/x86_64-linux-gnu/libnss_files-2.21.so
7f4307bf3000-7f4307df2000 ---p 0000c000 08:08 1708325                    /lib/x86_64-linux-gnu/libnss_files-2.21.so
7f4307df2000-7f4307df3000 r--p 0000b000 08:08 1708325                    /lib/x86_64-linux-gnu/libnss_files-2.21.so
7f4307df3000-7f4307df4000 rw-p 0000c000 08:08 1708325                    /lib/x86_64-linux-gnu/libnss_files-2.21.so
7f4307df4000-7f4307dff000 r-xp 00000000 08:08 1708335                    /lib/x86_64-linux-gnu/libnss_nis-2.21.so
7f4307dff000-7f4307ffe000 ---p 0000b000 08:08 1708335                    /lib/x86_64-linux-gnu/libnss_nis-2.21.so
7f4307ffe000-7f4307fff000 r--p 0000a000 08:08 1708335                    /lib/x86_64-linux-gnu/libnss_nis-2.21.so
7f4307fff000-7f4308000000 rw-p 0000b000 08:08 1708335                    /lib/x86_64-linux-gnu/libnss_nis-2.21.so
7f4308000000-7f430837d000 rw-p 00000000 00:00 0 
7f430837d000-7f430c000000 ---p 00000000 00:00 0 
7f430c008000-7f430c016000 r--s 000dc000 08:05 7870126                    /home/justbe/Programs/android-sdk-linux/build-tools/21.0.0/lib/dx.jar
7f430c016000-7f430c021000 rw-p 00000000 00:00 0 
7f430c021000-7f430c03f000 rw-p 00000000 00:00 0 
7f430c03f000-7f430c056000 r-xp 00000000 08:08 1708319                    /lib/x86_64-linux-gnu/libnsl-2.21.so
7f430c056000-7f430c255000 ---p 00017000 08:08 1708319                    /lib/x86_64-linux-gnu/libnsl-2.21.so
7f430c255000-7f430c256000 r--p 00016000 08:08 1708319                    /lib/x86_64-linux-gnu/libnsl-2.21.so
7f430c256000-7f430c257000 rw-p 00017000 08:08 1708319                    /lib/x86_64-linux-gnu/libnsl-2.21.so
7f430c257000-7f430c259000 rw-p 00000000 00:00 0 
7f430c259000-7f430c261000 r-xp 00000000 08:08 1708321                    /lib/x86_64-linux-gnu/libnss_compat-2.21.so
7f430c261000-7f430c460000 ---p 00008000 08:08 1708321                    /lib/x86_64-linux-gnu/libnss_compat-2.21.so
7f430c460000-7f430c461000 r--p 00007000 08:08 1708321                    /lib/x86_64-linux-gnu/libnss_compat-2.21.so
7f430c461000-7f430c462000 rw-p 00008000 08:08 1708321                    /lib/x86_64-linux-gnu/libnss_compat-2.21.so
7f430c462000-7f430c46c000 r-xp 00000000 08:05 7474875                    /home/justbe/Programs/java/jdk1.7.0_75/jre/lib/amd64/libinstrument.so
7f430c46c000-7f430c66b000 ---p 0000a000 08:05 7474875                    /home/justbe/Programs/java/jdk1.7.0_75/jre/lib/amd64/libinstrument.so
7f430c66b000-7f430c66c000 rw-p 00009000 08:05 7474875                    /home/justbe/Programs/java/jdk1.7.0_75/jre/lib/amd64/libinstrument.so
7f430c66c000-7f430c695000 r-xp 00000000 08:05 7474828                    /home/justbe/Programs/java/jdk1.7.0_75/jre/lib/amd64/libjava.so
7f430c695000-7f430c895000 ---p 00029000 08:05 7474828                    /home/justbe/Programs/java/jdk1.7.0_75/jre/lib/amd64/libjava.so
7f430c895000-7f430c897000 rw-p 00029000 08:05 7474828                    /home/justbe/Programs/java/jdk1.7.0_75/jre/lib/amd64/libjava.so
7f430c897000-7f430c8a4000 r-xp 00000000 08:05 7474855                    /home/justbe/Programs/java/jdk1.7.0_75/jre/lib/amd64/libverify.so
7f430c8a4000-7f430caa3000 ---p 0000d000 08:05 7474855                    /home/justbe/Programs/java/jdk1.7.0_75/jre/lib/amd64/libverify.so
7f430caa3000-7f430caa5000 rw-p 0000c000 08:05 7474855                    /home/justbe/Programs/java/jdk1.7.0_75/jre/lib/amd64/libverify.so
7f430caa5000-7f430caac000 r-xp 00000000 08:08 1708380                    /lib/x86_64-linux-gnu/librt-2.21.so
7f430caac000-7f430ccab000 ---p 00007000 08:08 1708380                    /lib/x86_64-linux-gnu/librt-2.21.so
7f430ccab000-7f430ccac000 r--p 00006000 08:08 1708380                    /lib/x86_64-linux-gnu/librt-2.21.so
7f430ccac000-7f430ccad000 rw-p 00007000 08:08 1708380                    /lib/x86_64-linux-gnu/librt-2.21.so
7f430ccad000-7f430cdb4000 r-xp 00000000 08:08 1708298                    /lib/x86_64-linux-gnu/libm-2.21.so
7f430cdb4000-7f430cfb3000 ---p 00107000 08:08 1708298                    /lib/x86_64-linux-gnu/libm-2.21.so
7f430cfb3000-7f430cfb4000 r--p 00106000 08:08 1708298                    /lib/x86_64-linux-gnu/libm-2.21.so
7f430cfb4000-7f430cfb5000 rw-p 00107000 08:08 1708298                    /lib/x86_64-linux-gnu/libm-2.21.so
7f430cfb5000-7f430db28000 r-xp 00000000 08:05 7474881                    /home/justbe/Programs/java/jdk1.7.0_75/jre/lib/amd64/server/libjvm.so
7f430db28000-7f430dd28000 ---p 00b73000 08:05 7474881                    /home/justbe/Programs/java/jdk1.7.0_75/jre/lib/amd64/server/libjvm.so
7f430dd28000-7f430ddec000 rw-p 00b73000 08:05 7474881                    /home/justbe/Programs/java/jdk1.7.0_75/jre/lib/amd64/server/libjvm.so
7f430ddec000-7f430de2d000 rw-p 00000000 00:00 0 
7f430de2d000-7f430dfed000 r-xp 00000000 08:08 1708239                    /lib/x86_64-linux-gnu/libc-2.21.so
7f430dfed000-7f430e1ed000 ---p 001c0000 08:08 1708239                    /lib/x86_64-linux-gnu/libc-2.21.so
7f430e1ed000-7f430e1f1000 r--p 001c0000 08:08 1708239                    /lib/x86_64-linux-gnu/libc-2.21.so
7f430e1f1000-7f430e1f3000 rw-p 001c4000 08:08 1708239                    /lib/x86_64-linux-gnu/libc-2.21.so
7f430e1f3000-7f430e1f7000 rw-p 00000000 00:00 0 
7f430e1f7000-7f430e1fa000 r-xp 00000000 08:08 1708256                    /lib/x86_64-linux-gnu/libdl-2.21.so
7f430e1fa000-7f430e3f9000 ---p 00003000 08:08 1708256                    /lib/x86_64-linux-gnu/libdl-2.21.so
7f430e3f9000-7f430e3fa000 r--p 00002000 08:08 1708256                    /lib/x86_64-linux-gnu/libdl-2.21.so
7f430e3fa000-7f430e3fb000 rw-p 00003000 08:08 1708256                    /lib/x86_64-linux-gnu/libdl-2.21.so
7f430e3fb000-7f430e411000 r-xp 00000000 08:05 8923360                    /home/justbe/Programs/java/jdk1.7.0_75/lib/amd64/jli/libjli.so
7f430e411000-7f430e611000 ---p 00016000 08:05 8923360                    /home/justbe/Programs/java/jdk1.7.0_75/lib/amd64/jli/libjli.so
7f430e611000-7f430e612000 rw-p 00016000 08:05 8923360                    /home/justbe/Programs/java/jdk1.7.0_75/lib/amd64/jli/libjli.so
7f430e612000-7f430e62a000 r-xp 00000000 08:08 1708372                    /lib/x86_64-linux-gnu/libpthread-2.21.so
7f430e62a000-7f430e82a000 ---p 00018000 08:08 1708372                    /lib/x86_64-linux-gnu/libpthread-2.21.so
7f430e82a000-7f430e82b000 r--p 00018000 08:08 1708372                    /lib/x86_64-linux-gnu/libpthread-2.21.so
7f430e82b000-7f430e82c000 rw-p 00019000 08:08 1708372                    /lib/x86_64-linux-gnu/libpthread-2.21.so
7f430e82c000-7f430e830000 rw-p 00000000 00:00 0 
7f430e830000-7f430e854000 r-xp 00000000 08:08 1708211                    /lib/x86_64-linux-gnu/ld-2.21.so
7f430e860000-7f430e880000 rw-p 00000000 00:00 0 
7f430e880000-7f430e936000 rw-p 00000000 00:00 0 
7f430e936000-7f430e939000 ---p 00000000 00:00 0 
7f430e939000-7f430ea3b000 rw-p 00000000 00:00 0                          [stack:12368]
7f430ea44000-7f430ea46000 rw-p 00000000 00:00 0 
7f430ea46000-7f430ea47000 r--s 00000000 08:08 3675181                    /usr/share/java/jayatanaag.jar
7f430ea47000-7f430ea4f000 rw-s 00000000 08:07 69                         /tmp/hsperfdata_justbe/12364
7f430ea4f000-7f430ea50000 rw-p 00000000 00:00 0 
7f430ea50000-7f430ea51000 r--p 00000000 00:00 0 
7f430ea51000-7f430ea53000 rw-p 00000000 00:00 0 
7f430ea53000-7f430ea54000 r--p 00023000 08:08 1708211                    /lib/x86_64-linux-gnu/ld-2.21.so
7f430ea54000-7f430ea55000 rw-p 00024000 08:08 1708211                    /lib/x86_64-linux-gnu/ld-2.21.so
7f430ea55000-7f430ea56000 rw-p 00000000 00:00 0 
7ffc1f8e1000-7ffc1f902000 rw-p 00000000 00:00 0                          [stack]
7ffc1f927000-7ffc1f929000 r--p 00000000 00:00 0                          [vvar]
7ffc1f929000-7ffc1f92b000 r-xp 00000000 00:00 0                          [vdso]
ffffffffff600000-ffffffffff601000 r-xp 00000000 00:00 0                  [vsyscall]

VM Arguments:
jvm_args: -javaagent:/usr/share/java/jayatanaag.jar -Xmx1024M -Dfile.encoding=UTF-8 -Duser.country=IN -Duser.language=en -Duser.variant 
java_command: com.android.dx.command.Main --dex --output /home/justbe/justbe_workspace/source_code/WeatherForecast/app/build/intermediates/pre-dexed/debug/classes-248a8cf994c6c522360b21c5fe33ef61b5651010.jar /home/justbe/justbe_workspace/source_code/WeatherForecast/app/build/intermediates/exploded-aar/com.google.android.gms/play-services-ads/7.8.0/jars/classes.jar
Launcher Type: SUN_STANDARD

Environment Variables:
JAVA_TOOL_OPTIONS=-javaagent:/usr/share/java/jayatanaag.jar 
PATH=/usr/local/sbin:/usr/local/bin:/usr/sbin:/usr/bin:/sbin:/bin:/usr/games:/usr/local/games
LD_LIBRARY_PATH=/home/justbe/Programs/android-studio/bin:
SHELL=/bin/bash
DISPLAY=:0

Signal Handlers:
SIGSEGV: [libjvm.so+0x9a21f0], sa_mask[0]=0x7ffbfeff, sa_flags=0x10000004
SIGBUS: [libjvm.so+0x9a21f0], sa_mask[0]=0x7ffbfeff, sa_flags=0x10000004
SIGFPE: [libjvm.so+0x81ba40], sa_mask[0]=0x7ffbfeff, sa_flags=0x10000004
SIGPIPE: [libjvm.so+0x81ba40], sa_mask[0]=0x7ffbfeff, sa_flags=0x10000004
SIGXFSZ: [libjvm.so+0x81ba40], sa_mask[0]=0x7ffbfeff, sa_flags=0x10000004
SIGILL: [libjvm.so+0x81ba40], sa_mask[0]=0x7ffbfeff, sa_flags=0x10000004
SIGUSR1: SIG_DFL, sa_mask[0]=0x00000000, sa_flags=0x00000000
SIGUSR2: [libjvm.so+0x81d240], sa_mask[0]=0x00000004, sa_flags=0x10000004
SIGHUP: [libjvm.so+0x81e360], sa_mask[0]=0x7ffbfeff, sa_flags=0x10000004
SIGINT: [libjvm.so+0x81e360], sa_mask[0]=0x7ffbfeff, sa_flags=0x10000004
SIGTERM: [libjvm.so+0x81e360], sa_mask[0]=0x7ffbfeff, sa_flags=0x10000004
SIGQUIT: [libjvm.so+0x81e360], sa_mask[0]=0x7ffbfeff, sa_flags=0x10000004


---------------  S Y S T E M  ---------------

OS:jessie/sid

uname:Linux 3.19.0-26-generic #28-Ubuntu SMP Tue Aug 11 14:16:32 UTC 2015 x86_64
libc:glibc 2.21 NPTL 2.21 
rlimit: STACK 8192k, CORE 0k, NPROC 15570, NOFILE 65536, AS infinity
load average:2.90 0.90 0.67

/proc/meminfo:
MemTotal:        4008400 kB
MemFree:          185144 kB
MemAvailable:     485580 kB
Buffers:           59036 kB
Cached:           726776 kB
SwapCached:         9112 kB
Active:          2602180 kB
Inactive:        1056984 kB
Active(anon):    2298432 kB
Inactive(anon):   909020 kB
Active(file):     303748 kB
Inactive(file):   147964 kB
Unevictable:          48 kB
Mlocked:              48 kB
SwapTotal:      15624188 kB
SwapFree:       15425364 kB
Dirty:             26008 kB
Writeback:             0 kB
AnonPages:       2869840 kB
Mapped:           351268 kB
Shmem:            334052 kB
Slab:              68572 kB
SReclaimable:      35332 kB
SUnreclaim:        33240 kB
KernelStack:       11168 kB
PageTables:        45764 kB
NFS_Unstable:          0 kB
Bounce:                0 kB
WritebackTmp:          0 kB
CommitLimit:    17628388 kB
Committed_AS:    8424796 kB
VmallocTotal:   34359738367 kB
VmallocUsed:      546176 kB
VmallocChunk:   34359186704 kB
HardwareCorrupted:     0 kB
AnonHugePages:   1429504 kB
CmaTotal:              0 kB
CmaFree:               0 kB
HugePages_Total:       0
HugePages_Free:        0
HugePages_Rsvd:        0
HugePages_Surp:        0
Hugepagesize:       2048 kB
DirectMap4k:      145612 kB
DirectMap2M:     4009984 kB


CPU:total 4 (4 cores per cpu, 1 threads per core) family 6 model 23 stepping 10, cmov, cx8, fxsr, mmx, sse, sse2, sse3, ssse3, sse4.1, tsc

/proc/cpuinfo:
processor	: 0
vendor_id	: GenuineIntel
cpu family	: 6
model		: 23
model name	: Intel(R) Core(TM)2 Quad CPU    Q8400  @ 2.66GHz
stepping	: 10
microcode	: 0xa0b
cpu MHz		: 2664.000
cache size	: 2048 KB
physical id	: 0
siblings	: 4
core id		: 0
cpu cores	: 4
apicid		: 0
initial apicid	: 0
fpu		: yes
fpu_exception	: yes
cpuid level	: 13
wp		: yes
flags		: fpu vme de pse tsc msr pae mce cx8 apic sep mtrr pge mca cmov pat pse36 clflush dts acpi mmx fxsr sse sse2 ss ht tm pbe syscall nx lm constant_tsc arch_perfmon pebs bts rep_good nopl aperfmperf pni dtes64 monitor ds_cpl vmx est tm2 ssse3 cx16 xtpr pdcm sse4_1 xsave lahf_lm dtherm tpr_shadow vnmi flexpriority
bugs		:
bogomips	: 5333.76
clflush size	: 64
cache_alignment	: 64
address sizes	: 36 bits physical, 48 bits virtual
power management:

processor	: 1
vendor_id	: GenuineIntel
cpu family	: 6
model		: 23
model name	: Intel(R) Core(TM)2 Quad CPU    Q8400  @ 2.66GHz
stepping	: 10
microcode	: 0xa0b
cpu MHz		: 2664.000
cache size	: 2048 KB
physical id	: 0
siblings	: 4
core id		: 1
cpu cores	: 4
apicid		: 1
initial apicid	: 1
fpu		: yes
fpu_exception	: yes
cpuid level	: 13
wp		: yes
flags		: fpu vme de pse tsc msr pae mce cx8 apic sep mtrr pge mca cmov pat pse36 clflush dts acpi mmx fxsr sse sse2 ss ht tm pbe syscall nx lm constant_tsc arch_perfmon pebs bts rep_good nopl aperfmperf pni dtes64 monitor ds_cpl vmx est tm2 ssse3 cx16 xtpr pdcm sse4_1 xsave lahf_lm dtherm tpr_shadow vnmi flexpriority
bugs		:
bogomips	: 5333.76
clflush size	: 64
cache_alignment	: 64
address sizes	: 36 bits physical, 48 bits virtual
power management:

processor	: 2
vendor_id	: GenuineIntel
cpu family	: 6
model		: 23
model name	: Intel(R) Core(TM)2 Quad CPU    Q8400  @ 2.66GHz
stepping	: 10
microcode	: 0xa0b
cpu MHz		: 2664.000
cache size	: 2048 KB
physical id	: 0
siblings	: 4
core id		: 2
cpu cores	: 4
apicid		: 2
initial apicid	: 2
fpu		: yes
fpu_exception	: yes
cpuid level	: 13
wp		: yes
flags		: fpu vme de pse tsc msr pae mce cx8 apic sep mtrr pge mca cmov pat pse36 clflush dts acpi mmx fxsr sse sse2 ss ht tm pbe syscall nx lm constant_tsc arch_perfmon pebs bts rep_good nopl aperfmperf pni dtes64 monitor ds_cpl vmx est tm2 ssse3 cx16 xtpr pdcm sse4_1 xsave lahf_lm dtherm tpr_shadow vnmi flexpriority
bugs		:
bogomips	: 5333.76
clflush size	: 64
cache_alignment	: 64
address sizes	: 36 bits physical, 48 bits virtual
power management:

processor	: 3
vendor_id	: GenuineIntel
cpu family	: 6
model		: 23
model name	: Intel(R) Core(TM)2 Quad CPU    Q8400  @ 2.66GHz
stepping	: 10
microcode	: 0xa0b
cpu MHz		: 2664.000
cache size	: 2048 KB
physical id	: 0
siblings	: 4
core id		: 3
cpu cores	: 4
apicid		: 3
initial apicid	: 3
fpu		: yes
fpu_exception	: yes
cpuid level	: 13
wp		: yes
flags		: fpu vme de pse tsc msr pae mce cx8 apic sep mtrr pge mca cmov pat pse36 clflush dts acpi mmx fxsr sse sse2 ss ht tm pbe syscall nx lm constant_tsc arch_perfmon pebs bts rep_good nopl aperfmperf pni dtes64 monitor ds_cpl vmx est tm2 ssse3 cx16 xtpr pdcm sse4_1 xsave lahf_lm dtherm tpr_shadow vnmi flexpriority
bugs		:
bogomips	: 5333.76
clflush size	: 64
cache_alignment	: 64
address sizes	: 36 bits physical, 48 bits virtual
power management:



Memory: 4k page, physical 4008400k(185144k free), swap 15624188k(15425364k free)

vm_info: Java HotSpot(TM) 64-Bit Server VM (24.75-b04) for linux-amd64 JRE (1.7.0_75-b13), built on Dec 18 2014 16:45:18 by "java_re" with gcc 4.3.0 20080428 (Red Hat 4.3.0-8)

time: Fri Sep  4 14:22:01 2015
elapsed time: 9 seconds

